19:44:26.345 [main] ERROR com.parser.Main - 处理过程中发生错误
java.io.FileNotFoundException: input.csv (系统找不到指定的文件。)
	at java.base/java.io.FileInputStream.open0(Native Method)
	at java.base/java.io.FileInputStream.open(FileInputStream.java:213)
	at java.base/java.io.FileInputStream.<init>(FileInputStream.java:152)
	at java.base/java.io.FileInputStream.<init>(FileInputStream.java:106)
	at java.base/java.io.FileReader.<init>(FileReader.java:60)
	at com.parser.Main.readAndParseFunctions(Main.java:46)
	at com.parser.Main.main(Main.java:35)
19:46:02.280 [main] INFO  com.parser.Main - 处理完成，结果已写入 data/output.csv
19:58:39.836 [main] WARN  com.parser.Main - 未找到匹配的方法: ID=19, 文件=D:\HDU\project\tomcat\java\jakarta\el\BeanSupportFull.java, 开始行=37, 结束行=55
19:58:39.900 [main] WARN  com.parser.Main - 未找到匹配的方法: ID=24, 文件=D:\HDU\project\tomcat\java\jakarta\el\BeanSupportStandalone.java, 开始行=169, 结束行=179
19:58:39.915 [main] WARN  com.parser.Main - 未找到匹配的方法: ID=26, 文件=D:\HDU\project\tomcat\java\jakarta\el\CompositeELResolver.java, 开始行=27, 结束行=53
19:58:40.013 [main] WARN  com.parser.Main - 未找到匹配的方法: ID=38, 文件=D:\HDU\project\tomcat\java\jakarta\el\ELProcessor.java, 开始行=30, 结束行=39
19:58:40.041 [main] WARN  com.parser.Main - 未找到匹配的方法: ID=41, 文件=D:\HDU\project\tomcat\java\jakarta\el\ELProcessor.java, 开始行=207, 结束行=326
19:58:40.089 [main] WARN  com.parser.Main - 未找到匹配的方法: ID=47, 文件=D:\HDU\project\tomcat\java\jakarta\el\ImportHandler.java, 开始行=36, 结束行=279
19:58:40.183 [main] WARN  com.parser.Main - 未找到匹配的方法: ID=71, 文件=D:\HDU\project\tomcat\java\jakarta\el\StandardELContext.java, 开始行=36, 结束行=58
19:58:40.183 [main] WARN  com.parser.Main - 未找到匹配的方法: ID=72, 文件=D:\HDU\project\tomcat\java\jakarta\el\StandardELContext.java, 开始行=60, 结束行=72
19:58:40.469 [main] WARN  com.parser.Main - 未找到匹配的方法: ID=98, 文件=D:\HDU\project\tomcat\java\jakarta\servlet\http\Cookie.java, 开始行=510, 结束行=517
19:58:40.485 [main] INFO  com.parser.Main - 处理完成，结果已写入 data/output.csv
20:07:39.225 [main] WARN  com.parser.Main - 未找到匹配的方法或构造函数: ID=26, 文件=D:\HDU\project\tomcat\java\jakarta\el\CompositeELResolver.java, 开始行=27, 结束行=53
20:07:39.320 [main] WARN  com.parser.Main - 未找到匹配的方法或构造函数: ID=38, 文件=D:\HDU\project\tomcat\java\jakarta\el\ELProcessor.java, 开始行=30, 结束行=39
20:07:39.415 [main] WARN  com.parser.Main - 未找到匹配的方法或构造函数: ID=47, 文件=D:\HDU\project\tomcat\java\jakarta\el\ImportHandler.java, 开始行=36, 结束行=279
20:07:39.825 [main] INFO  com.parser.Main - 处理完成，结果已写入 data/output.csv
20:18:09.303 [main] WARN  com.parser.Main - 未找到匹配的方法、构造函数或静态初始化块: ID=10, 文件=D:\HDU\project\tomcat\java\jakarta\el\BeanELResolver.java, 开始行=220, 结束行=229
20:18:09.334 [main] WARN  com.parser.Main - 未找到匹配的方法、构造函数或静态初始化块: ID=11, 文件=D:\HDU\project\tomcat\java\jakarta\el\BeanELResolver.java, 开始行=231, 结束行=240
20:18:09.365 [main] WARN  com.parser.Main - 未找到匹配的方法、构造函数或静态初始化块: ID=13, 文件=D:\HDU\project\tomcat\java\jakarta\el\BeanELResolver.java, 开始行=274, 结束行=285
20:18:09.429 [main] WARN  com.parser.Main - 未找到匹配的方法、构造函数或静态初始化块: ID=19, 文件=D:\HDU\project\tomcat\java\jakarta\el\BeanSupportFull.java, 开始行=37, 结束行=55
20:18:09.429 [main] WARN  com.parser.Main - 未找到匹配的方法、构造函数或静态初始化块: ID=20, 文件=D:\HDU\project\tomcat\java\jakarta\el\BeanSupportFull.java, 开始行=57, 结束行=75
20:18:09.476 [main] WARN  com.parser.Main - 未找到匹配的方法、构造函数或静态初始化块: ID=23, 文件=D:\HDU\project\tomcat\java\jakarta\el\BeanSupportStandalone.java, 开始行=140, 结束行=159
20:18:09.486 [main] WARN  com.parser.Main - 未找到匹配的方法、构造函数或静态初始化块: ID=24, 文件=D:\HDU\project\tomcat\java\jakarta\el\BeanSupportStandalone.java, 开始行=169, 结束行=179
20:18:09.492 [main] WARN  com.parser.Main - 未找到匹配的方法、构造函数或静态初始化块: ID=25, 文件=D:\HDU\project\tomcat\java\jakarta\el\BeanSupportStandalone.java, 开始行=181, 结束行=198
20:18:09.617 [main] WARN  com.parser.Main - 未找到匹配的方法、构造函数或静态初始化块: ID=41, 文件=D:\HDU\project\tomcat\java\jakarta\el\ELProcessor.java, 开始行=207, 结束行=326
20:18:09.632 [main] WARN  com.parser.Main - 未找到匹配的方法、构造函数或静态初始化块: ID=43, 文件=D:\HDU\project\tomcat\java\jakarta\el\ExpressionFactory.java, 开始行=240, 结束行=252
20:18:09.838 [main] WARN  com.parser.Main - 未找到匹配的方法、构造函数或静态初始化块: ID=79, 文件=D:\HDU\project\tomcat\java\jakarta\el\Util.java, 开始行=154, 结束行=166
20:18:09.995 [main] WARN  com.parser.Main - 未找到匹配的方法、构造函数或静态初始化块: ID=89, 文件=D:\HDU\project\tomcat\java\jakarta\el\Util.java, 开始行=638, 结束行=646
20:18:10.011 [main] WARN  com.parser.Main - 未找到匹配的方法、构造函数或静态初始化块: ID=90, 文件=D:\HDU\project\tomcat\java\jakarta\el\Util.java, 开始行=769, 结束行=793
20:18:10.011 [main] WARN  com.parser.Main - 未找到匹配的方法、构造函数或静态初始化块: ID=91, 文件=D:\HDU\project\tomcat\java\jakarta\el\Util.java, 开始行=796, 结束行=804
20:18:10.027 [main] WARN  com.parser.Main - 未找到匹配的方法、构造函数或静态初始化块: ID=92, 文件=D:\HDU\project\tomcat\java\jakarta\el\Util.java, 开始行=807, 结束行=817
20:18:10.089 [main] INFO  com.parser.Main - 处理完成，结果已写入 data/output.csv
20:18:50.570 [main] WARN  com.parser.Main - 未找到匹配的方法或构造函数: ID=26, 文件=D:\HDU\project\tomcat\java\jakarta\el\CompositeELResolver.java, 开始行=27, 结束行=53
20:18:50.680 [main] WARN  com.parser.Main - 未找到匹配的方法或构造函数: ID=38, 文件=D:\HDU\project\tomcat\java\jakarta\el\ELProcessor.java, 开始行=30, 结束行=39
20:18:50.759 [main] WARN  com.parser.Main - 未找到匹配的方法或构造函数: ID=47, 文件=D:\HDU\project\tomcat\java\jakarta\el\ImportHandler.java, 开始行=36, 结束行=279
20:18:51.150 [main] INFO  com.parser.Main - 处理完成，结果已写入 data/output.csv
20:22:01.951 [main] INFO  com.parser.Main - 处理完成，结果已写入 data/output.csv
20:22:59.288 [main] INFO  com.parser.Main - 处理完成，结果已写入 data/output.csv
20:25:03.866 [main] WARN  com.parser.Main - 未找到匹配的方法、构造函数或静态初始化块: ID=1476, 文件=D:\HDU\project\tomcat\java\org\apache\catalina\ssi\SSIServletExternalResolver.java, 开始行=51, 结束行=56
20:25:05.526 [main] WARN  com.parser.Main - 未找到匹配的方法、构造函数或静态初始化块: ID=1688, 文件=D:\HDU\project\tomcat\java\org\apache\catalina\storeconfig\StoreAppender.java, 开始行=38, 结束行=42
20:25:05.558 [main] WARN  com.parser.Main - 未找到匹配的方法、构造函数或静态初始化块: ID=1720, 文件=D:\HDU\project\tomcat\java\org\apache\catalina\storeconfig\StoreRegistry.java, 开始行=64, 结束行=72
20:25:05.636 [main] WARN  com.parser.Main - 未找到匹配的方法、构造函数或静态初始化块: ID=1756, 文件=D:\HDU\project\tomcat\java\org\apache\catalina\tribes\group\interceptors\EncryptInterceptor.java, 开始行=280, 结束行=285
20:25:05.809 [main] WARN  com.parser.Main - 未找到匹配的方法、构造函数或静态初始化块: ID=1809, 文件=D:\HDU\project\tomcat\java\org\apache\catalina\tribes\group\interceptors\TcpFailureDetector.java, 开始行=64, 结束行=68
20:25:05.825 [main] WARN  com.parser.Main - 未找到匹配的方法、构造函数或静态初始化块: ID=1817, 文件=D:\HDU\project\tomcat\java\org\apache\catalina\tribes\group\interceptors\TcpPingInterceptor.java, 开始行=45, 结束行=49
20:25:09.898 [main] WARN  com.parser.Main - 未找到匹配的方法、构造函数或静态初始化块: ID=2724, 文件=D:\HDU\project\tomcat\java\org\apache\el\parser\AstLiteralExpression.java, 开始行=44, 结束行=65
20:25:11.162 [main] WARN  com.parser.Main - 未找到匹配的方法、构造函数或静态初始化块: ID=2798, 文件=D:\HDU\project\tomcat\java\org\apache\el\parser\ELParserConstants.java, 开始行=136, 结束行=199
20:25:11.673 [main] WARN  com.parser.Main - 未找到匹配的方法、构造函数或静态初始化块: ID=2825, 文件=D:\HDU\project\tomcat\java\org\apache\el\parser\ELParserTokenManager.java, 开始行=1989, 结束行=1997
20:25:11.705 [main] WARN  com.parser.Main - 未找到匹配的方法、构造函数或静态初始化块: ID=2827, 文件=D:\HDU\project\tomcat\java\org\apache\el\parser\ELParserTokenManager.java, 开始行=2021, 结束行=2025
20:25:11.768 [main] WARN  com.parser.Main - 未找到匹配的方法、构造函数或静态初始化块: ID=2831, 文件=D:\HDU\project\tomcat\java\org\apache\el\parser\ELParserTokenManager.java, 开始行=2313, 结束行=2317
20:25:11.768 [main] WARN  com.parser.Main - 未找到匹配的方法、构造函数或静态初始化块: ID=2832, 文件=D:\HDU\project\tomcat\java\org\apache\el\parser\ELParserTreeConstants.java, 开始行=51, 结束行=95
20:25:11.876 [main] WARN  com.parser.Main - 未找到匹配的方法、构造函数或静态初始化块: ID=2877, 文件=D:\HDU\project\tomcat\java\org\apache\el\util\Validation.java, 开始行=22, 结束行=30
20:25:14.207 [main] WARN  com.parser.Main - 未找到匹配的方法、构造函数或静态初始化块: ID=3037, 文件=D:\HDU\project\tomcat\java\org\apache\jasper\compiler\JspUtil.java, 开始行=54, 结束行=62
20:25:14.958 [main] WARN  com.parser.Main - 未找到匹配的方法、构造函数或静态初始化块: ID=3151, 文件=D:\HDU\project\tomcat\java\org\apache\jasper\compiler\TagFileProcessor.java, 开始行=59, 结束行=73
20:25:14.958 [main] WARN  com.parser.Main - 未找到匹配的方法、构造函数或静态初始化块: ID=3152, 文件=D:\HDU\project\tomcat\java\org\apache\jasper\compiler\TagFileProcessor.java, 开始行=75, 结束行=85
20:25:14.958 [main] WARN  com.parser.Main - 未找到匹配的方法、构造函数或静态初始化块: ID=3153, 文件=D:\HDU\project\tomcat\java\org\apache\jasper\compiler\TagFileProcessor.java, 开始行=87, 结束行=94
20:25:15.037 [main] WARN  com.parser.Main - 未找到匹配的方法、构造函数或静态初始化块: ID=3180, 文件=D:\HDU\project\tomcat\java\org\apache\jasper\compiler\Validator.java, 开始行=71, 结束行=87
20:25:17.311 [main] WARN  com.parser.Main - 未找到匹配的方法、构造函数或静态初始化块: ID=3761, 文件=D:\HDU\project\tomcat\java\org\apache\tomcat\util\buf\CharsetCache.java, 开始行=34, 结束行=161
20:25:17.406 [main] WARN  com.parser.Main - 未找到匹配的方法、构造函数或静态初始化块: ID=3805, 文件=D:\HDU\project\tomcat\java\org\apache\tomcat\util\codec\binary\Base64.java, 开始行=68, 结束行=74
20:25:17.409 [main] WARN  com.parser.Main - 未找到匹配的方法、构造函数或静态初始化块: ID=3806, 文件=D:\HDU\project\tomcat\java\org\apache\tomcat\util\codec\binary\Base64.java, 开始行=81, 结束行=87
20:25:17.409 [main] WARN  com.parser.Main - 未找到匹配的方法、构造函数或静态初始化块: ID=3807, 文件=D:\HDU\project\tomcat\java\org\apache\tomcat\util\codec\binary\Base64.java, 开始行=100, 结束行=110
20:25:17.409 [main] WARN  com.parser.Main - 未找到匹配的方法、构造函数或静态初始化块: ID=3808, 文件=D:\HDU\project\tomcat\java\org\apache\tomcat\util\codec\binary\Base64.java, 开始行=112, 结束行=122
20:25:20.828 [main] WARN  com.parser.Main - 未找到匹配的方法、构造函数或静态初始化块: ID=4187, 文件=D:\HDU\project\tomcat\java\org\apache\tomcat\util\json\JSONParserConstants.java, 开始行=90, 结束行=120
20:25:21.314 [main] WARN  com.parser.Main - 未找到匹配的方法、构造函数或静态初始化块: ID=4233, 文件=D:\HDU\project\tomcat\java\org\apache\tomcat\util\modeler\modules\MbeansDescriptorsIntrospectionSource.java, 开始行=106, 结束行=130
20:27:33.317 [main] WARN  com.parser.Main - 未找到匹配的方法、构造函数或静态初始化块: ID=1476, 文件=D:\HDU\project\tomcat\java\org\apache\catalina\ssi\SSIServletExternalResolver.java, 开始行=51, 结束行=56
20:27:35.117 [main] WARN  com.parser.Main - 未找到匹配的方法、构造函数或静态初始化块: ID=1688, 文件=D:\HDU\project\tomcat\java\org\apache\catalina\storeconfig\StoreAppender.java, 开始行=38, 结束行=42
20:27:35.165 [main] WARN  com.parser.Main - 未找到匹配的方法、构造函数或静态初始化块: ID=1720, 文件=D:\HDU\project\tomcat\java\org\apache\catalina\storeconfig\StoreRegistry.java, 开始行=64, 结束行=72
20:27:35.228 [main] WARN  com.parser.Main - 未找到匹配的方法、构造函数或静态初始化块: ID=1756, 文件=D:\HDU\project\tomcat\java\org\apache\catalina\tribes\group\interceptors\EncryptInterceptor.java, 开始行=280, 结束行=285
20:27:35.438 [main] WARN  com.parser.Main - 未找到匹配的方法、构造函数或静态初始化块: ID=1809, 文件=D:\HDU\project\tomcat\java\org\apache\catalina\tribes\group\interceptors\TcpFailureDetector.java, 开始行=64, 结束行=68
20:27:35.469 [main] WARN  com.parser.Main - 未找到匹配的方法、构造函数或静态初始化块: ID=1817, 文件=D:\HDU\project\tomcat\java\org\apache\catalina\tribes\group\interceptors\TcpPingInterceptor.java, 开始行=45, 结束行=49
20:27:39.106 [main] WARN  com.parser.Main - 未找到匹配的方法、构造函数或静态初始化块: ID=2724, 文件=D:\HDU\project\tomcat\java\org\apache\el\parser\AstLiteralExpression.java, 开始行=44, 结束行=65
20:27:40.478 [main] WARN  com.parser.Main - 未找到匹配的方法、构造函数或静态初始化块: ID=2798, 文件=D:\HDU\project\tomcat\java\org\apache\el\parser\ELParserConstants.java, 开始行=136, 结束行=199
20:27:40.915 [main] WARN  com.parser.Main - 未找到匹配的方法、构造函数或静态初始化块: ID=2825, 文件=D:\HDU\project\tomcat\java\org\apache\el\parser\ELParserTokenManager.java, 开始行=1989, 结束行=1997
20:27:40.936 [main] WARN  com.parser.Main - 未找到匹配的方法、构造函数或静态初始化块: ID=2827, 文件=D:\HDU\project\tomcat\java\org\apache\el\parser\ELParserTokenManager.java, 开始行=2021, 结束行=2025
20:27:41.000 [main] WARN  com.parser.Main - 未找到匹配的方法、构造函数或静态初始化块: ID=2831, 文件=D:\HDU\project\tomcat\java\org\apache\el\parser\ELParserTokenManager.java, 开始行=2313, 结束行=2317
20:27:41.000 [main] WARN  com.parser.Main - 未找到匹配的方法、构造函数或静态初始化块: ID=2832, 文件=D:\HDU\project\tomcat\java\org\apache\el\parser\ELParserTreeConstants.java, 开始行=51, 结束行=95
20:27:41.094 [main] WARN  com.parser.Main - 未找到匹配的方法、构造函数或静态初始化块: ID=2877, 文件=D:\HDU\project\tomcat\java\org\apache\el\util\Validation.java, 开始行=22, 结束行=30
20:27:43.318 [main] WARN  com.parser.Main - 未找到匹配的方法、构造函数或静态初始化块: ID=3037, 文件=D:\HDU\project\tomcat\java\org\apache\jasper\compiler\JspUtil.java, 开始行=54, 结束行=62
20:27:44.140 [main] WARN  com.parser.Main - 未找到匹配的方法、构造函数或静态初始化块: ID=3151, 文件=D:\HDU\project\tomcat\java\org\apache\jasper\compiler\TagFileProcessor.java, 开始行=59, 结束行=73
20:27:44.140 [main] WARN  com.parser.Main - 未找到匹配的方法、构造函数或静态初始化块: ID=3152, 文件=D:\HDU\project\tomcat\java\org\apache\jasper\compiler\TagFileProcessor.java, 开始行=75, 结束行=85
20:27:44.140 [main] WARN  com.parser.Main - 未找到匹配的方法、构造函数或静态初始化块: ID=3153, 文件=D:\HDU\project\tomcat\java\org\apache\jasper\compiler\TagFileProcessor.java, 开始行=87, 结束行=94
20:27:44.218 [main] WARN  com.parser.Main - 未找到匹配的方法、构造函数或静态初始化块: ID=3180, 文件=D:\HDU\project\tomcat\java\org\apache\jasper\compiler\Validator.java, 开始行=71, 结束行=87
20:27:46.211 [main] WARN  com.parser.Main - 未找到匹配的方法、构造函数或静态初始化块: ID=3761, 文件=D:\HDU\project\tomcat\java\org\apache\tomcat\util\buf\CharsetCache.java, 开始行=34, 结束行=161
20:27:46.307 [main] WARN  com.parser.Main - 未找到匹配的方法、构造函数或静态初始化块: ID=3805, 文件=D:\HDU\project\tomcat\java\org\apache\tomcat\util\codec\binary\Base64.java, 开始行=68, 结束行=74
20:27:46.307 [main] WARN  com.parser.Main - 未找到匹配的方法、构造函数或静态初始化块: ID=3806, 文件=D:\HDU\project\tomcat\java\org\apache\tomcat\util\codec\binary\Base64.java, 开始行=81, 结束行=87
20:27:46.307 [main] WARN  com.parser.Main - 未找到匹配的方法、构造函数或静态初始化块: ID=3807, 文件=D:\HDU\project\tomcat\java\org\apache\tomcat\util\codec\binary\Base64.java, 开始行=100, 结束行=110
20:27:46.323 [main] WARN  com.parser.Main - 未找到匹配的方法、构造函数或静态初始化块: ID=3808, 文件=D:\HDU\project\tomcat\java\org\apache\tomcat\util\codec\binary\Base64.java, 开始行=112, 结束行=122
20:27:47.554 [main] WARN  com.parser.Main - 未找到匹配的方法、构造函数或静态初始化块: ID=4187, 文件=D:\HDU\project\tomcat\java\org\apache\tomcat\util\json\JSONParserConstants.java, 开始行=90, 结束行=120
20:27:47.680 [main] WARN  com.parser.Main - 未找到匹配的方法、构造函数或静态初始化块: ID=4233, 文件=D:\HDU\project\tomcat\java\org\apache\tomcat\util\modeler\modules\MbeansDescriptorsIntrospectionSource.java, 开始行=106, 结束行=130
20:27:51.997 [main] WARN  com.parser.Main - 未找到匹配的方法、构造函数或静态初始化块: ID=4855, 文件=D:\HDU\project\tomcat\modules\jdbc-pool\src\main\java\org\apache\tomcat\jdbc\pool\DataSourceFactory.java, 开始行=134, 结束行=186
20:27:52.235 [main] WARN  com.parser.Main - 未找到匹配的方法、构造函数或静态初始化块: ID=4954, 文件=D:\HDU\project\tomcat\modules\jdbc-pool\src\test\java\org\apache\tomcat\jdbc\pool\PoolPropertiesTest.java, 开始行=29, 结束行=54
20:27:52.298 [main] WARN  com.parser.Main - 未找到匹配的方法、构造函数或静态初始化块: ID=4993, 文件=D:\HDU\project\tomcat\modules\jdbc-pool\src\test\java\org\apache\tomcat\jdbc\test\DefaultTestCase.java, 开始行=229, 结束行=257
20:28:18.020 [main] WARN  com.parser.Main - 未找到匹配的方法、构造函数或静态初始化块: ID=6254, 文件=D:\HDU\project\tomcat\test\org\apache\catalina\loader\TestWebappClassLoaderWeaving.java, 开始行=337, 结束行=354
20:28:18.031 [main] WARN  com.parser.Main - 未找到匹配的方法、构造函数或静态初始化块: ID=6255, 文件=D:\HDU\project\tomcat\test\org\apache\catalina\loader\TestWebappClassLoaderWeaving.java, 开始行=360, 结束行=377
20:28:22.959 [main] WARN  com.parser.Main - 未找到匹配的方法、构造函数或静态初始化块: ID=6745, 文件=D:\HDU\project\tomcat\test\org\apache\catalina\valves\rewrite\TestResolverSSL.java, 开始行=88, 结束行=143
20:28:23.881 [main] WARN  com.parser.Main - 未找到匹配的方法、构造函数或静态初始化块: ID=6805, 文件=D:\HDU\project\tomcat\test\org\apache\catalina\valves\TestSSLValve.java, 开始行=62, 结束行=91
20:28:33.393 [main] INFO  com.parser.Main - 处理完成，结果已写入 data/output.csv
20:35:29.605 [main] WARN  com.parser.Main - 未找到匹配的方法、构造函数或静态初始化块: ID=1476, 文件=D:\HDU\project\tomcat\java\org\apache\catalina\ssi\SSIServletExternalResolver.java, 开始行=51, 结束行=56
20:35:30.991 [main] WARN  com.parser.Main - 未找到匹配的方法、构造函数或静态初始化块: ID=1476, 文件=D:\HDU\project\tomcat\java\org\apache\catalina\ssi\SSIServletExternalResolver.java, 开始行=51, 结束行=56
20:35:31.229 [main] WARN  com.parser.Main - 未找到匹配的方法、构造函数或静态初始化块: ID=1688, 文件=D:\HDU\project\tomcat\java\org\apache\catalina\storeconfig\StoreAppender.java, 开始行=38, 结束行=42
20:35:31.275 [main] WARN  com.parser.Main - 未找到匹配的方法、构造函数或静态初始化块: ID=1720, 文件=D:\HDU\project\tomcat\java\org\apache\catalina\storeconfig\StoreRegistry.java, 开始行=64, 结束行=72
20:35:31.354 [main] WARN  com.parser.Main - 未找到匹配的方法、构造函数或静态初始化块: ID=1756, 文件=D:\HDU\project\tomcat\java\org\apache\catalina\tribes\group\interceptors\EncryptInterceptor.java, 开始行=280, 结束行=285
20:35:31.543 [main] WARN  com.parser.Main - 未找到匹配的方法、构造函数或静态初始化块: ID=1809, 文件=D:\HDU\project\tomcat\java\org\apache\catalina\tribes\group\interceptors\TcpFailureDetector.java, 开始行=64, 结束行=68
20:35:31.575 [main] WARN  com.parser.Main - 未找到匹配的方法、构造函数或静态初始化块: ID=1817, 文件=D:\HDU\project\tomcat\java\org\apache\catalina\tribes\group\interceptors\TcpPingInterceptor.java, 开始行=45, 结束行=49
20:35:32.648 [main] WARN  com.parser.Main - 未找到匹配的方法、构造函数或静态初始化块: ID=1688, 文件=D:\HDU\project\tomcat\java\org\apache\catalina\storeconfig\StoreAppender.java, 开始行=38, 结束行=42
20:35:32.679 [main] WARN  com.parser.Main - 未找到匹配的方法、构造函数或静态初始化块: ID=1720, 文件=D:\HDU\project\tomcat\java\org\apache\catalina\storeconfig\StoreRegistry.java, 开始行=64, 结束行=72
20:35:32.773 [main] WARN  com.parser.Main - 未找到匹配的方法、构造函数或静态初始化块: ID=1756, 文件=D:\HDU\project\tomcat\java\org\apache\catalina\tribes\group\interceptors\EncryptInterceptor.java, 开始行=280, 结束行=285
20:35:32.962 [main] WARN  com.parser.Main - 未找到匹配的方法、构造函数或静态初始化块: ID=1809, 文件=D:\HDU\project\tomcat\java\org\apache\catalina\tribes\group\interceptors\TcpFailureDetector.java, 开始行=64, 结束行=68
20:35:32.993 [main] WARN  com.parser.Main - 未找到匹配的方法、构造函数或静态初始化块: ID=1817, 文件=D:\HDU\project\tomcat\java\org\apache\catalina\tribes\group\interceptors\TcpPingInterceptor.java, 开始行=45, 结束行=49
20:35:35.293 [main] WARN  com.parser.Main - 未找到匹配的方法、构造函数或静态初始化块: ID=2724, 文件=D:\HDU\project\tomcat\java\org\apache\el\parser\AstLiteralExpression.java, 开始行=44, 结束行=65
20:35:36.483 [main] WARN  com.parser.Main - 未找到匹配的方法、构造函数或静态初始化块: ID=2798, 文件=D:\HDU\project\tomcat\java\org\apache\el\parser\ELParserConstants.java, 开始行=136, 结束行=199
20:35:36.722 [main] WARN  com.parser.Main - 未找到匹配的方法、构造函数或静态初始化块: ID=2724, 文件=D:\HDU\project\tomcat\java\org\apache\el\parser\AstLiteralExpression.java, 开始行=44, 结束行=65
20:35:36.943 [main] WARN  com.parser.Main - 未找到匹配的方法、构造函数或静态初始化块: ID=2825, 文件=D:\HDU\project\tomcat\java\org\apache\el\parser\ELParserTokenManager.java, 开始行=1989, 结束行=1997
20:35:36.974 [main] WARN  com.parser.Main - 未找到匹配的方法、构造函数或静态初始化块: ID=2827, 文件=D:\HDU\project\tomcat\java\org\apache\el\parser\ELParserTokenManager.java, 开始行=2021, 结束行=2025
20:35:37.037 [main] WARN  com.parser.Main - 未找到匹配的方法、构造函数或静态初始化块: ID=2831, 文件=D:\HDU\project\tomcat\java\org\apache\el\parser\ELParserTokenManager.java, 开始行=2313, 结束行=2317
20:35:37.037 [main] WARN  com.parser.Main - 未找到匹配的方法、构造函数或静态初始化块: ID=2832, 文件=D:\HDU\project\tomcat\java\org\apache\el\parser\ELParserTreeConstants.java, 开始行=51, 结束行=95
20:35:37.147 [main] WARN  com.parser.Main - 未找到匹配的方法、构造函数或静态初始化块: ID=2877, 文件=D:\HDU\project\tomcat\java\org\apache\el\util\Validation.java, 开始行=22, 结束行=30
20:35:37.925 [main] WARN  com.parser.Main - 未找到匹配的方法、构造函数或静态初始化块: ID=2798, 文件=D:\HDU\project\tomcat\java\org\apache\el\parser\ELParserConstants.java, 开始行=136, 结束行=199
20:35:38.339 [main] WARN  com.parser.Main - 未找到匹配的方法、构造函数或静态初始化块: ID=2825, 文件=D:\HDU\project\tomcat\java\org\apache\el\parser\ELParserTokenManager.java, 开始行=1989, 结束行=1997
20:35:38.367 [main] WARN  com.parser.Main - 未找到匹配的方法、构造函数或静态初始化块: ID=2827, 文件=D:\HDU\project\tomcat\java\org\apache\el\parser\ELParserTokenManager.java, 开始行=2021, 结束行=2025
20:35:38.414 [main] WARN  com.parser.Main - 未找到匹配的方法、构造函数或静态初始化块: ID=2831, 文件=D:\HDU\project\tomcat\java\org\apache\el\parser\ELParserTokenManager.java, 开始行=2313, 结束行=2317
20:35:38.414 [main] WARN  com.parser.Main - 未找到匹配的方法、构造函数或静态初始化块: ID=2832, 文件=D:\HDU\project\tomcat\java\org\apache\el\parser\ELParserTreeConstants.java, 开始行=51, 结束行=95
20:35:38.524 [main] WARN  com.parser.Main - 未找到匹配的方法、构造函数或静态初始化块: ID=2877, 文件=D:\HDU\project\tomcat\java\org\apache\el\util\Validation.java, 开始行=22, 结束行=30
20:35:39.362 [main] WARN  com.parser.Main - 未找到匹配的方法、构造函数或静态初始化块: ID=3037, 文件=D:\HDU\project\tomcat\java\org\apache\jasper\compiler\JspUtil.java, 开始行=54, 结束行=62
20:35:40.141 [main] WARN  com.parser.Main - 未找到匹配的方法、构造函数或静态初始化块: ID=3151, 文件=D:\HDU\project\tomcat\java\org\apache\jasper\compiler\TagFileProcessor.java, 开始行=59, 结束行=73
20:35:40.141 [main] WARN  com.parser.Main - 未找到匹配的方法、构造函数或静态初始化块: ID=3152, 文件=D:\HDU\project\tomcat\java\org\apache\jasper\compiler\TagFileProcessor.java, 开始行=75, 结束行=85
20:35:40.141 [main] WARN  com.parser.Main - 未找到匹配的方法、构造函数或静态初始化块: ID=3153, 文件=D:\HDU\project\tomcat\java\org\apache\jasper\compiler\TagFileProcessor.java, 开始行=87, 结束行=94
20:35:40.232 [main] WARN  com.parser.Main - 未找到匹配的方法、构造函数或静态初始化块: ID=3180, 文件=D:\HDU\project\tomcat\java\org\apache\jasper\compiler\Validator.java, 开始行=71, 结束行=87
20:35:40.695 [main] WARN  com.parser.Main - 未找到匹配的方法、构造函数或静态初始化块: ID=3037, 文件=D:\HDU\project\tomcat\java\org\apache\jasper\compiler\JspUtil.java, 开始行=54, 结束行=62
20:35:41.484 [main] WARN  com.parser.Main - 未找到匹配的方法、构造函数或静态初始化块: ID=3151, 文件=D:\HDU\project\tomcat\java\org\apache\jasper\compiler\TagFileProcessor.java, 开始行=59, 结束行=73
20:35:41.484 [main] WARN  com.parser.Main - 未找到匹配的方法、构造函数或静态初始化块: ID=3152, 文件=D:\HDU\project\tomcat\java\org\apache\jasper\compiler\TagFileProcessor.java, 开始行=75, 结束行=85
20:35:41.500 [main] WARN  com.parser.Main - 未找到匹配的方法、构造函数或静态初始化块: ID=3153, 文件=D:\HDU\project\tomcat\java\org\apache\jasper\compiler\TagFileProcessor.java, 开始行=87, 结束行=94
20:35:41.579 [main] WARN  com.parser.Main - 未找到匹配的方法、构造函数或静态初始化块: ID=3180, 文件=D:\HDU\project\tomcat\java\org\apache\jasper\compiler\Validator.java, 开始行=71, 结束行=87
20:35:42.336 [main] WARN  com.parser.Main - 未找到匹配的方法、构造函数或静态初始化块: ID=3761, 文件=D:\HDU\project\tomcat\java\org\apache\tomcat\util\buf\CharsetCache.java, 开始行=34, 结束行=161
20:35:42.430 [main] WARN  com.parser.Main - 未找到匹配的方法、构造函数或静态初始化块: ID=3805, 文件=D:\HDU\project\tomcat\java\org\apache\tomcat\util\codec\binary\Base64.java, 开始行=68, 结束行=74
20:35:42.430 [main] WARN  com.parser.Main - 未找到匹配的方法、构造函数或静态初始化块: ID=3806, 文件=D:\HDU\project\tomcat\java\org\apache\tomcat\util\codec\binary\Base64.java, 开始行=81, 结束行=87
20:35:42.440 [main] WARN  com.parser.Main - 未找到匹配的方法、构造函数或静态初始化块: ID=3807, 文件=D:\HDU\project\tomcat\java\org\apache\tomcat\util\codec\binary\Base64.java, 开始行=100, 结束行=110
20:35:42.440 [main] WARN  com.parser.Main - 未找到匹配的方法、构造函数或静态初始化块: ID=3808, 文件=D:\HDU\project\tomcat\java\org\apache\tomcat\util\codec\binary\Base64.java, 开始行=112, 结束行=122
20:35:43.680 [main] WARN  com.parser.Main - 未找到匹配的方法、构造函数或静态初始化块: ID=3761, 文件=D:\HDU\project\tomcat\java\org\apache\tomcat\util\buf\CharsetCache.java, 开始行=34, 结束行=161
20:35:43.746 [main] WARN  com.parser.Main - 未找到匹配的方法、构造函数或静态初始化块: ID=4187, 文件=D:\HDU\project\tomcat\java\org\apache\tomcat\util\json\JSONParserConstants.java, 开始行=90, 结束行=120
20:35:43.775 [main] WARN  com.parser.Main - 未找到匹配的方法、构造函数或静态初始化块: ID=3805, 文件=D:\HDU\project\tomcat\java\org\apache\tomcat\util\codec\binary\Base64.java, 开始行=68, 结束行=74
20:35:43.775 [main] WARN  com.parser.Main - 未找到匹配的方法、构造函数或静态初始化块: ID=3806, 文件=D:\HDU\project\tomcat\java\org\apache\tomcat\util\codec\binary\Base64.java, 开始行=81, 结束行=87
20:35:43.775 [main] WARN  com.parser.Main - 未找到匹配的方法、构造函数或静态初始化块: ID=3807, 文件=D:\HDU\project\tomcat\java\org\apache\tomcat\util\codec\binary\Base64.java, 开始行=100, 结束行=110
20:35:43.775 [main] WARN  com.parser.Main - 未找到匹配的方法、构造函数或静态初始化块: ID=3808, 文件=D:\HDU\project\tomcat\java\org\apache\tomcat\util\codec\binary\Base64.java, 开始行=112, 结束行=122
20:35:43.886 [main] WARN  com.parser.Main - 未找到匹配的方法、构造函数或静态初始化块: ID=4233, 文件=D:\HDU\project\tomcat\java\org\apache\tomcat\util\modeler\modules\MbeansDescriptorsIntrospectionSource.java, 开始行=106, 结束行=130
20:35:45.086 [main] WARN  com.parser.Main - 未找到匹配的方法、构造函数或静态初始化块: ID=4187, 文件=D:\HDU\project\tomcat\java\org\apache\tomcat\util\json\JSONParserConstants.java, 开始行=90, 结束行=120
20:35:45.208 [main] WARN  com.parser.Main - 未找到匹配的方法、构造函数或静态初始化块: ID=4233, 文件=D:\HDU\project\tomcat\java\org\apache\tomcat\util\modeler\modules\MbeansDescriptorsIntrospectionSource.java, 开始行=106, 结束行=130
20:35:48.109 [main] WARN  com.parser.Main - 未找到匹配的方法、构造函数或静态初始化块: ID=4855, 文件=D:\HDU\project\tomcat\modules\jdbc-pool\src\main\java\org\apache\tomcat\jdbc\pool\DataSourceFactory.java, 开始行=134, 结束行=186
20:35:48.325 [main] WARN  com.parser.Main - 未找到匹配的方法、构造函数或静态初始化块: ID=4954, 文件=D:\HDU\project\tomcat\modules\jdbc-pool\src\test\java\org\apache\tomcat\jdbc\pool\PoolPropertiesTest.java, 开始行=29, 结束行=54
20:35:48.404 [main] WARN  com.parser.Main - 未找到匹配的方法、构造函数或静态初始化块: ID=4993, 文件=D:\HDU\project\tomcat\modules\jdbc-pool\src\test\java\org\apache\tomcat\jdbc\test\DefaultTestCase.java, 开始行=229, 结束行=257
20:35:49.522 [main] WARN  com.parser.Main - 未找到匹配的方法、构造函数或静态初始化块: ID=4855, 文件=D:\HDU\project\tomcat\modules\jdbc-pool\src\main\java\org\apache\tomcat\jdbc\pool\DataSourceFactory.java, 开始行=134, 结束行=186
20:35:49.759 [main] WARN  com.parser.Main - 未找到匹配的方法、构造函数或静态初始化块: ID=4954, 文件=D:\HDU\project\tomcat\modules\jdbc-pool\src\test\java\org\apache\tomcat\jdbc\pool\PoolPropertiesTest.java, 开始行=29, 结束行=54
20:35:49.823 [main] WARN  com.parser.Main - 未找到匹配的方法、构造函数或静态初始化块: ID=4993, 文件=D:\HDU\project\tomcat\modules\jdbc-pool\src\test\java\org\apache\tomcat\jdbc\test\DefaultTestCase.java, 开始行=229, 结束行=257
20:35:56.694 [main] WARN  com.parser.Main - 未找到匹配的方法、构造函数或静态初始化块: ID=6254, 文件=D:\HDU\project\tomcat\test\org\apache\catalina\loader\TestWebappClassLoaderWeaving.java, 开始行=337, 结束行=354
20:35:56.694 [main] WARN  com.parser.Main - 未找到匹配的方法、构造函数或静态初始化块: ID=6255, 文件=D:\HDU\project\tomcat\test\org\apache\catalina\loader\TestWebappClassLoaderWeaving.java, 开始行=360, 结束行=377
20:35:58.081 [main] WARN  com.parser.Main - 未找到匹配的方法、构造函数或静态初始化块: ID=6745, 文件=D:\HDU\project\tomcat\test\org\apache\catalina\valves\rewrite\TestResolverSSL.java, 开始行=88, 结束行=143
20:35:58.097 [main] WARN  com.parser.Main - 未找到匹配的方法、构造函数或静态初始化块: ID=6254, 文件=D:\HDU\project\tomcat\test\org\apache\catalina\loader\TestWebappClassLoaderWeaving.java, 开始行=337, 结束行=354
20:35:58.097 [main] WARN  com.parser.Main - 未找到匹配的方法、构造函数或静态初始化块: ID=6255, 文件=D:\HDU\project\tomcat\test\org\apache\catalina\loader\TestWebappClassLoaderWeaving.java, 开始行=360, 结束行=377
20:35:58.355 [main] WARN  com.parser.Main - 未找到匹配的方法、构造函数或静态初始化块: ID=6805, 文件=D:\HDU\project\tomcat\test\org\apache\catalina\valves\TestSSLValve.java, 开始行=62, 结束行=91
20:35:59.499 [main] WARN  com.parser.Main - 未找到匹配的方法、构造函数或静态初始化块: ID=6745, 文件=D:\HDU\project\tomcat\test\org\apache\catalina\valves\rewrite\TestResolverSSL.java, 开始行=88, 结束行=143
20:35:59.765 [main] WARN  com.parser.Main - 未找到匹配的方法、构造函数或静态初始化块: ID=6805, 文件=D:\HDU\project\tomcat\test\org\apache\catalina\valves\TestSSLValve.java, 开始行=62, 结束行=91
20:36:01.233 [main] INFO  com.parser.Main - 处理完成，结果已写入 data/output.csv
20:36:02.672 [main] INFO  com.parser.Main - 处理完成，结果已写入 data/output.csv
10:30:07.378 [main] WARN  com.parser.Main - 未找到匹配的方法、构造函数或静态初始化块: ID=1476, 文件=D:\HDU\project\tomcat\java\org\apache\catalina\ssi\SSIServletExternalResolver.java, 开始行=51, 结束行=56
10:30:09.217 [main] WARN  com.parser.Main - 未找到匹配的方法、构造函数或静态初始化块: ID=1688, 文件=D:\HDU\project\tomcat\java\org\apache\catalina\storeconfig\StoreAppender.java, 开始行=38, 结束行=42
10:30:09.308 [main] WARN  com.parser.Main - 未找到匹配的方法、构造函数或静态初始化块: ID=1720, 文件=D:\HDU\project\tomcat\java\org\apache\catalina\storeconfig\StoreRegistry.java, 开始行=64, 结束行=72
10:30:09.445 [main] WARN  com.parser.Main - 未找到匹配的方法、构造函数或静态初始化块: ID=1756, 文件=D:\HDU\project\tomcat\java\org\apache\catalina\tribes\group\interceptors\EncryptInterceptor.java, 开始行=280, 结束行=285
10:30:09.692 [main] WARN  com.parser.Main - 未找到匹配的方法、构造函数或静态初始化块: ID=1809, 文件=D:\HDU\project\tomcat\java\org\apache\catalina\tribes\group\interceptors\TcpFailureDetector.java, 开始行=64, 结束行=68
10:30:09.719 [main] WARN  com.parser.Main - 未找到匹配的方法、构造函数或静态初始化块: ID=1817, 文件=D:\HDU\project\tomcat\java\org\apache\catalina\tribes\group\interceptors\TcpPingInterceptor.java, 开始行=45, 结束行=49
10:30:14.479 [main] WARN  com.parser.Main - 未找到匹配的方法、构造函数或静态初始化块: ID=2724, 文件=D:\HDU\project\tomcat\java\org\apache\el\parser\AstLiteralExpression.java, 开始行=44, 结束行=65
10:30:15.616 [main] WARN  com.parser.Main - 未找到匹配的方法、构造函数或静态初始化块: ID=2798, 文件=D:\HDU\project\tomcat\java\org\apache\el\parser\ELParserConstants.java, 开始行=136, 结束行=199
10:30:16.014 [main] WARN  com.parser.Main - 未找到匹配的方法、构造函数或静态初始化块: ID=2825, 文件=D:\HDU\project\tomcat\java\org\apache\el\parser\ELParserTokenManager.java, 开始行=1989, 结束行=1997
10:30:16.041 [main] WARN  com.parser.Main - 未找到匹配的方法、构造函数或静态初始化块: ID=2827, 文件=D:\HDU\project\tomcat\java\org\apache\el\parser\ELParserTokenManager.java, 开始行=2021, 结束行=2025
10:30:16.095 [main] WARN  com.parser.Main - 未找到匹配的方法、构造函数或静态初始化块: ID=2831, 文件=D:\HDU\project\tomcat\java\org\apache\el\parser\ELParserTokenManager.java, 开始行=2313, 结束行=2317
10:30:16.101 [main] WARN  com.parser.Main - 未找到匹配的方法、构造函数或静态初始化块: ID=2832, 文件=D:\HDU\project\tomcat\java\org\apache\el\parser\ELParserTreeConstants.java, 开始行=51, 结束行=95
10:30:16.273 [main] WARN  com.parser.Main - 未找到匹配的方法、构造函数或静态初始化块: ID=2877, 文件=D:\HDU\project\tomcat\java\org\apache\el\util\Validation.java, 开始行=22, 结束行=30
10:30:18.545 [main] WARN  com.parser.Main - 未找到匹配的方法、构造函数或静态初始化块: ID=3037, 文件=D:\HDU\project\tomcat\java\org\apache\jasper\compiler\JspUtil.java, 开始行=54, 结束行=62
10:30:19.411 [main] WARN  com.parser.Main - 未找到匹配的方法、构造函数或静态初始化块: ID=3151, 文件=D:\HDU\project\tomcat\java\org\apache\jasper\compiler\TagFileProcessor.java, 开始行=59, 结束行=73
10:30:19.414 [main] WARN  com.parser.Main - 未找到匹配的方法、构造函数或静态初始化块: ID=3152, 文件=D:\HDU\project\tomcat\java\org\apache\jasper\compiler\TagFileProcessor.java, 开始行=75, 结束行=85
10:30:19.418 [main] WARN  com.parser.Main - 未找到匹配的方法、构造函数或静态初始化块: ID=3153, 文件=D:\HDU\project\tomcat\java\org\apache\jasper\compiler\TagFileProcessor.java, 开始行=87, 结束行=94
10:30:19.565 [main] WARN  com.parser.Main - 未找到匹配的方法、构造函数或静态初始化块: ID=3180, 文件=D:\HDU\project\tomcat\java\org\apache\jasper\compiler\Validator.java, 开始行=71, 结束行=87
10:30:22.617 [main] WARN  com.parser.Main - 未找到匹配的方法、构造函数或静态初始化块: ID=3761, 文件=D:\HDU\project\tomcat\java\org\apache\tomcat\util\buf\CharsetCache.java, 开始行=34, 结束行=161
10:30:22.766 [main] WARN  com.parser.Main - 未找到匹配的方法、构造函数或静态初始化块: ID=3805, 文件=D:\HDU\project\tomcat\java\org\apache\tomcat\util\codec\binary\Base64.java, 开始行=68, 结束行=74
10:30:22.770 [main] WARN  com.parser.Main - 未找到匹配的方法、构造函数或静态初始化块: ID=3806, 文件=D:\HDU\project\tomcat\java\org\apache\tomcat\util\codec\binary\Base64.java, 开始行=81, 结束行=87
10:30:22.772 [main] WARN  com.parser.Main - 未找到匹配的方法、构造函数或静态初始化块: ID=3807, 文件=D:\HDU\project\tomcat\java\org\apache\tomcat\util\codec\binary\Base64.java, 开始行=100, 结束行=110
10:30:22.775 [main] WARN  com.parser.Main - 未找到匹配的方法、构造函数或静态初始化块: ID=3808, 文件=D:\HDU\project\tomcat\java\org\apache\tomcat\util\codec\binary\Base64.java, 开始行=112, 结束行=122
10:30:24.638 [main] WARN  com.parser.Main - 未找到匹配的方法、构造函数或静态初始化块: ID=4187, 文件=D:\HDU\project\tomcat\java\org\apache\tomcat\util\json\JSONParserConstants.java, 开始行=90, 结束行=120
10:30:24.848 [main] WARN  com.parser.Main - 未找到匹配的方法、构造函数或静态初始化块: ID=4233, 文件=D:\HDU\project\tomcat\java\org\apache\tomcat\util\modeler\modules\MbeansDescriptorsIntrospectionSource.java, 开始行=106, 结束行=130
10:30:29.710 [main] WARN  com.parser.Main - 未找到匹配的方法、构造函数或静态初始化块: ID=4855, 文件=D:\HDU\project\tomcat\modules\jdbc-pool\src\main\java\org\apache\tomcat\jdbc\pool\DataSourceFactory.java, 开始行=134, 结束行=186
10:30:30.082 [main] WARN  com.parser.Main - 未找到匹配的方法、构造函数或静态初始化块: ID=4954, 文件=D:\HDU\project\tomcat\modules\jdbc-pool\src\test\java\org\apache\tomcat\jdbc\pool\PoolPropertiesTest.java, 开始行=29, 结束行=54
10:30:30.207 [main] WARN  com.parser.Main - 未找到匹配的方法、构造函数或静态初始化块: ID=4993, 文件=D:\HDU\project\tomcat\modules\jdbc-pool\src\test\java\org\apache\tomcat\jdbc\test\DefaultTestCase.java, 开始行=229, 结束行=257
10:30:39.238 [main] WARN  com.parser.Main - 未找到匹配的方法、构造函数或静态初始化块: ID=6254, 文件=D:\HDU\project\tomcat\test\org\apache\catalina\loader\TestWebappClassLoaderWeaving.java, 开始行=337, 结束行=354
10:30:39.241 [main] WARN  com.parser.Main - 未找到匹配的方法、构造函数或静态初始化块: ID=6255, 文件=D:\HDU\project\tomcat\test\org\apache\catalina\loader\TestWebappClassLoaderWeaving.java, 开始行=360, 结束行=377
10:30:41.236 [main] WARN  com.parser.Main - 未找到匹配的方法、构造函数或静态初始化块: ID=6745, 文件=D:\HDU\project\tomcat\test\org\apache\catalina\valves\rewrite\TestResolverSSL.java, 开始行=88, 结束行=143
10:30:41.545 [main] WARN  com.parser.Main - 未找到匹配的方法、构造函数或静态初始化块: ID=6805, 文件=D:\HDU\project\tomcat\test\org\apache\catalina\valves\TestSSLValve.java, 开始行=62, 结束行=91
10:30:46.034 [main] INFO  com.parser.Main - 处理完成，结果已写入 data/output.csv
02:29:30.379 [main] WARN  com.parser.Main - 未找到匹配的方法、构造函数或静态初始化块: ID=1476, 文件=D:\HDU\project\tomcat\java\org\apache\catalina\ssi\SSIServletExternalResolver.java, 开始行=51, 结束行=56
02:29:32.415 [main] WARN  com.parser.Main - 未找到匹配的方法、构造函数或静态初始化块: ID=1688, 文件=D:\HDU\project\tomcat\java\org\apache\catalina\storeconfig\StoreAppender.java, 开始行=38, 结束行=42
02:29:32.523 [main] WARN  com.parser.Main - 未找到匹配的方法、构造函数或静态初始化块: ID=1720, 文件=D:\HDU\project\tomcat\java\org\apache\catalina\storeconfig\StoreRegistry.java, 开始行=64, 结束行=72
02:29:32.663 [main] WARN  com.parser.Main - 未找到匹配的方法、构造函数或静态初始化块: ID=1756, 文件=D:\HDU\project\tomcat\java\org\apache\catalina\tribes\group\interceptors\EncryptInterceptor.java, 开始行=280, 结束行=285
02:29:32.894 [main] WARN  com.parser.Main - 未找到匹配的方法、构造函数或静态初始化块: ID=1809, 文件=D:\HDU\project\tomcat\java\org\apache\catalina\tribes\group\interceptors\TcpFailureDetector.java, 开始行=64, 结束行=68
02:29:32.932 [main] WARN  com.parser.Main - 未找到匹配的方法、构造函数或静态初始化块: ID=1817, 文件=D:\HDU\project\tomcat\java\org\apache\catalina\tribes\group\interceptors\TcpPingInterceptor.java, 开始行=45, 结束行=49
02:29:37.814 [main] WARN  com.parser.Main - 未找到匹配的方法、构造函数或静态初始化块: ID=2724, 文件=D:\HDU\project\tomcat\java\org\apache\el\parser\AstLiteralExpression.java, 开始行=44, 结束行=65
02:29:38.963 [main] WARN  com.parser.Main - 未找到匹配的方法、构造函数或静态初始化块: ID=2798, 文件=D:\HDU\project\tomcat\java\org\apache\el\parser\ELParserConstants.java, 开始行=136, 结束行=199
02:29:39.358 [main] WARN  com.parser.Main - 未找到匹配的方法、构造函数或静态初始化块: ID=2825, 文件=D:\HDU\project\tomcat\java\org\apache\el\parser\ELParserTokenManager.java, 开始行=1989, 结束行=1997
02:29:39.385 [main] WARN  com.parser.Main - 未找到匹配的方法、构造函数或静态初始化块: ID=2827, 文件=D:\HDU\project\tomcat\java\org\apache\el\parser\ELParserTokenManager.java, 开始行=2021, 结束行=2025
02:29:39.437 [main] WARN  com.parser.Main - 未找到匹配的方法、构造函数或静态初始化块: ID=2831, 文件=D:\HDU\project\tomcat\java\org\apache\el\parser\ELParserTokenManager.java, 开始行=2313, 结束行=2317
02:29:39.443 [main] WARN  com.parser.Main - 未找到匹配的方法、构造函数或静态初始化块: ID=2832, 文件=D:\HDU\project\tomcat\java\org\apache\el\parser\ELParserTreeConstants.java, 开始行=51, 结束行=95
02:29:39.609 [main] WARN  com.parser.Main - 未找到匹配的方法、构造函数或静态初始化块: ID=2877, 文件=D:\HDU\project\tomcat\java\org\apache\el\util\Validation.java, 开始行=22, 结束行=30
02:29:41.931 [main] WARN  com.parser.Main - 未找到匹配的方法、构造函数或静态初始化块: ID=3037, 文件=D:\HDU\project\tomcat\java\org\apache\jasper\compiler\JspUtil.java, 开始行=54, 结束行=62
02:29:42.782 [main] WARN  com.parser.Main - 未找到匹配的方法、构造函数或静态初始化块: ID=3151, 文件=D:\HDU\project\tomcat\java\org\apache\jasper\compiler\TagFileProcessor.java, 开始行=59, 结束行=73
02:29:42.786 [main] WARN  com.parser.Main - 未找到匹配的方法、构造函数或静态初始化块: ID=3152, 文件=D:\HDU\project\tomcat\java\org\apache\jasper\compiler\TagFileProcessor.java, 开始行=75, 结束行=85
02:29:42.790 [main] WARN  com.parser.Main - 未找到匹配的方法、构造函数或静态初始化块: ID=3153, 文件=D:\HDU\project\tomcat\java\org\apache\jasper\compiler\TagFileProcessor.java, 开始行=87, 结束行=94
02:29:42.922 [main] WARN  com.parser.Main - 未找到匹配的方法、构造函数或静态初始化块: ID=3180, 文件=D:\HDU\project\tomcat\java\org\apache\jasper\compiler\Validator.java, 开始行=71, 结束行=87
02:29:46.117 [main] WARN  com.parser.Main - 未找到匹配的方法、构造函数或静态初始化块: ID=3761, 文件=D:\HDU\project\tomcat\java\org\apache\tomcat\util\buf\CharsetCache.java, 开始行=34, 结束行=161
02:29:46.270 [main] WARN  com.parser.Main - 未找到匹配的方法、构造函数或静态初始化块: ID=3805, 文件=D:\HDU\project\tomcat\java\org\apache\tomcat\util\codec\binary\Base64.java, 开始行=68, 结束行=74
02:29:46.273 [main] WARN  com.parser.Main - 未找到匹配的方法、构造函数或静态初始化块: ID=3806, 文件=D:\HDU\project\tomcat\java\org\apache\tomcat\util\codec\binary\Base64.java, 开始行=81, 结束行=87
02:29:46.277 [main] WARN  com.parser.Main - 未找到匹配的方法、构造函数或静态初始化块: ID=3807, 文件=D:\HDU\project\tomcat\java\org\apache\tomcat\util\codec\binary\Base64.java, 开始行=100, 结束行=110
02:29:46.279 [main] WARN  com.parser.Main - 未找到匹配的方法、构造函数或静态初始化块: ID=3808, 文件=D:\HDU\project\tomcat\java\org\apache\tomcat\util\codec\binary\Base64.java, 开始行=112, 结束行=122
02:29:48.147 [main] WARN  com.parser.Main - 未找到匹配的方法、构造函数或静态初始化块: ID=4187, 文件=D:\HDU\project\tomcat\java\org\apache\tomcat\util\json\JSONParserConstants.java, 开始行=90, 结束行=120
02:29:48.338 [main] WARN  com.parser.Main - 未找到匹配的方法、构造函数或静态初始化块: ID=4233, 文件=D:\HDU\project\tomcat\java\org\apache\tomcat\util\modeler\modules\MbeansDescriptorsIntrospectionSource.java, 开始行=106, 结束行=130
02:29:53.217 [main] WARN  com.parser.Main - 未找到匹配的方法、构造函数或静态初始化块: ID=4855, 文件=D:\HDU\project\tomcat\modules\jdbc-pool\src\main\java\org\apache\tomcat\jdbc\pool\DataSourceFactory.java, 开始行=134, 结束行=186
02:29:53.660 [main] WARN  com.parser.Main - 未找到匹配的方法、构造函数或静态初始化块: ID=4954, 文件=D:\HDU\project\tomcat\modules\jdbc-pool\src\test\java\org\apache\tomcat\jdbc\pool\PoolPropertiesTest.java, 开始行=29, 结束行=54
02:29:53.820 [main] WARN  com.parser.Main - 未找到匹配的方法、构造函数或静态初始化块: ID=4993, 文件=D:\HDU\project\tomcat\modules\jdbc-pool\src\test\java\org\apache\tomcat\jdbc\test\DefaultTestCase.java, 开始行=229, 结束行=257
02:30:04.614 [main] WARN  com.parser.Main - 未找到匹配的方法、构造函数或静态初始化块: ID=6254, 文件=D:\HDU\project\tomcat\test\org\apache\catalina\loader\TestWebappClassLoaderWeaving.java, 开始行=337, 结束行=354
02:30:04.617 [main] WARN  com.parser.Main - 未找到匹配的方法、构造函数或静态初始化块: ID=6255, 文件=D:\HDU\project\tomcat\test\org\apache\catalina\loader\TestWebappClassLoaderWeaving.java, 开始行=360, 结束行=377
02:30:06.886 [main] WARN  com.parser.Main - 未找到匹配的方法、构造函数或静态初始化块: ID=6745, 文件=D:\HDU\project\tomcat\test\org\apache\catalina\valves\rewrite\TestResolverSSL.java, 开始行=88, 结束行=143
02:30:07.292 [main] WARN  com.parser.Main - 未找到匹配的方法、构造函数或静态初始化块: ID=6805, 文件=D:\HDU\project\tomcat\test\org\apache\catalina\valves\TestSSLValve.java, 开始行=62, 结束行=91
02:30:12.696 [main] INFO  com.parser.Main - 处理完成，结果已写入 data/output.csv
08:48:23.262 [main] WARN  com.parser.Main - 未找到匹配的方法、构造函数或静态初始化块: ID=1476, 文件=D:\HDU\project\tomcat\java\org\apache\catalina\ssi\SSIServletExternalResolver.java, 开始行=51, 结束行=56
08:48:25.651 [main] WARN  com.parser.Main - 未找到匹配的方法、构造函数或静态初始化块: ID=1688, 文件=D:\HDU\project\tomcat\java\org\apache\catalina\storeconfig\StoreAppender.java, 开始行=38, 结束行=42
08:48:25.829 [main] WARN  com.parser.Main - 未找到匹配的方法、构造函数或静态初始化块: ID=1720, 文件=D:\HDU\project\tomcat\java\org\apache\catalina\storeconfig\StoreRegistry.java, 开始行=64, 结束行=72
08:48:26.072 [main] WARN  com.parser.Main - 未找到匹配的方法、构造函数或静态初始化块: ID=1756, 文件=D:\HDU\project\tomcat\java\org\apache\catalina\tribes\group\interceptors\EncryptInterceptor.java, 开始行=280, 结束行=285
08:48:26.387 [main] WARN  com.parser.Main - 未找到匹配的方法、构造函数或静态初始化块: ID=1809, 文件=D:\HDU\project\tomcat\java\org\apache\catalina\tribes\group\interceptors\TcpFailureDetector.java, 开始行=64, 结束行=68
08:48:26.427 [main] WARN  com.parser.Main - 未找到匹配的方法、构造函数或静态初始化块: ID=1817, 文件=D:\HDU\project\tomcat\java\org\apache\catalina\tribes\group\interceptors\TcpPingInterceptor.java, 开始行=45, 结束行=49
08:48:32.692 [main] WARN  com.parser.Main - 未找到匹配的方法、构造函数或静态初始化块: ID=2724, 文件=D:\HDU\project\tomcat\java\org\apache\el\parser\AstLiteralExpression.java, 开始行=44, 结束行=65
08:48:33.888 [main] WARN  com.parser.Main - 未找到匹配的方法、构造函数或静态初始化块: ID=2798, 文件=D:\HDU\project\tomcat\java\org\apache\el\parser\ELParserConstants.java, 开始行=136, 结束行=199
08:48:34.285 [main] WARN  com.parser.Main - 未找到匹配的方法、构造函数或静态初始化块: ID=2825, 文件=D:\HDU\project\tomcat\java\org\apache\el\parser\ELParserTokenManager.java, 开始行=1989, 结束行=1997
08:48:34.311 [main] WARN  com.parser.Main - 未找到匹配的方法、构造函数或静态初始化块: ID=2827, 文件=D:\HDU\project\tomcat\java\org\apache\el\parser\ELParserTokenManager.java, 开始行=2021, 结束行=2025
08:48:34.362 [main] WARN  com.parser.Main - 未找到匹配的方法、构造函数或静态初始化块: ID=2831, 文件=D:\HDU\project\tomcat\java\org\apache\el\parser\ELParserTokenManager.java, 开始行=2313, 结束行=2317
08:48:34.380 [main] WARN  com.parser.Main - 未找到匹配的方法、构造函数或静态初始化块: ID=2832, 文件=D:\HDU\project\tomcat\java\org\apache\el\parser\ELParserTreeConstants.java, 开始行=51, 结束行=95
08:48:34.610 [main] WARN  com.parser.Main - 未找到匹配的方法、构造函数或静态初始化块: ID=2877, 文件=D:\HDU\project\tomcat\java\org\apache\el\util\Validation.java, 开始行=22, 结束行=30
08:48:37.055 [main] WARN  com.parser.Main - 未找到匹配的方法、构造函数或静态初始化块: ID=3037, 文件=D:\HDU\project\tomcat\java\org\apache\jasper\compiler\JspUtil.java, 开始行=54, 结束行=62
08:48:38.007 [main] WARN  com.parser.Main - 未找到匹配的方法、构造函数或静态初始化块: ID=3151, 文件=D:\HDU\project\tomcat\java\org\apache\jasper\compiler\TagFileProcessor.java, 开始行=59, 结束行=73
08:48:38.010 [main] WARN  com.parser.Main - 未找到匹配的方法、构造函数或静态初始化块: ID=3152, 文件=D:\HDU\project\tomcat\java\org\apache\jasper\compiler\TagFileProcessor.java, 开始行=75, 结束行=85
08:48:38.015 [main] WARN  com.parser.Main - 未找到匹配的方法、构造函数或静态初始化块: ID=3153, 文件=D:\HDU\project\tomcat\java\org\apache\jasper\compiler\TagFileProcessor.java, 开始行=87, 结束行=94
08:48:38.198 [main] WARN  com.parser.Main - 未找到匹配的方法、构造函数或静态初始化块: ID=3180, 文件=D:\HDU\project\tomcat\java\org\apache\jasper\compiler\Validator.java, 开始行=71, 结束行=87
08:48:42.390 [main] WARN  com.parser.Main - 未找到匹配的方法、构造函数或静态初始化块: ID=3761, 文件=D:\HDU\project\tomcat\java\org\apache\tomcat\util\buf\CharsetCache.java, 开始行=34, 结束行=161
08:48:42.613 [main] WARN  com.parser.Main - 未找到匹配的方法、构造函数或静态初始化块: ID=3805, 文件=D:\HDU\project\tomcat\java\org\apache\tomcat\util\codec\binary\Base64.java, 开始行=68, 结束行=74
08:48:42.616 [main] WARN  com.parser.Main - 未找到匹配的方法、构造函数或静态初始化块: ID=3806, 文件=D:\HDU\project\tomcat\java\org\apache\tomcat\util\codec\binary\Base64.java, 开始行=81, 结束行=87
08:48:42.619 [main] WARN  com.parser.Main - 未找到匹配的方法、构造函数或静态初始化块: ID=3807, 文件=D:\HDU\project\tomcat\java\org\apache\tomcat\util\codec\binary\Base64.java, 开始行=100, 结束行=110
08:48:42.622 [main] WARN  com.parser.Main - 未找到匹配的方法、构造函数或静态初始化块: ID=3808, 文件=D:\HDU\project\tomcat\java\org\apache\tomcat\util\codec\binary\Base64.java, 开始行=112, 结束行=122
08:48:45.115 [main] WARN  com.parser.Main - 未找到匹配的方法、构造函数或静态初始化块: ID=4187, 文件=D:\HDU\project\tomcat\java\org\apache\tomcat\util\json\JSONParserConstants.java, 开始行=90, 结束行=120
08:48:45.392 [main] WARN  com.parser.Main - 未找到匹配的方法、构造函数或静态初始化块: ID=4233, 文件=D:\HDU\project\tomcat\java\org\apache\tomcat\util\modeler\modules\MbeansDescriptorsIntrospectionSource.java, 开始行=106, 结束行=130
08:48:50.908 [main] WARN  com.parser.Main - 未找到匹配的方法、构造函数或静态初始化块: ID=4855, 文件=D:\HDU\project\tomcat\modules\jdbc-pool\src\main\java\org\apache\tomcat\jdbc\pool\DataSourceFactory.java, 开始行=134, 结束行=186
08:48:51.494 [main] WARN  com.parser.Main - 未找到匹配的方法、构造函数或静态初始化块: ID=4954, 文件=D:\HDU\project\tomcat\modules\jdbc-pool\src\test\java\org\apache\tomcat\jdbc\pool\PoolPropertiesTest.java, 开始行=29, 结束行=54
08:48:51.670 [main] WARN  com.parser.Main - 未找到匹配的方法、构造函数或静态初始化块: ID=4993, 文件=D:\HDU\project\tomcat\modules\jdbc-pool\src\test\java\org\apache\tomcat\jdbc\test\DefaultTestCase.java, 开始行=229, 结束行=257
08:49:01.533 [main] WARN  com.parser.Main - 未找到匹配的方法、构造函数或静态初始化块: ID=6254, 文件=D:\HDU\project\tomcat\test\org\apache\catalina\loader\TestWebappClassLoaderWeaving.java, 开始行=337, 结束行=354
08:49:01.536 [main] WARN  com.parser.Main - 未找到匹配的方法、构造函数或静态初始化块: ID=6255, 文件=D:\HDU\project\tomcat\test\org\apache\catalina\loader\TestWebappClassLoaderWeaving.java, 开始行=360, 结束行=377
08:49:04.066 [main] WARN  com.parser.Main - 未找到匹配的方法、构造函数或静态初始化块: ID=6745, 文件=D:\HDU\project\tomcat\test\org\apache\catalina\valves\rewrite\TestResolverSSL.java, 开始行=88, 结束行=143
08:49:04.451 [main] WARN  com.parser.Main - 未找到匹配的方法、构造函数或静态初始化块: ID=6805, 文件=D:\HDU\project\tomcat\test\org\apache\catalina\valves\TestSSLValve.java, 开始行=62, 结束行=91
08:49:10.171 [main] INFO  com.parser.Main - 处理完成，结果已写入 data/output.csv
20:03:42.315 [main] WARN  com.parser.Main - 未找到匹配的方法、构造函数或静态初始化块: ID=1476, 文件=D:\HDU\project\tomcat\java\org\apache\catalina\ssi\SSIServletExternalResolver.java, 开始行=51, 结束行=56
20:03:44.576 [main] WARN  com.parser.Main - 未找到匹配的方法、构造函数或静态初始化块: ID=1688, 文件=D:\HDU\project\tomcat\java\org\apache\catalina\storeconfig\StoreAppender.java, 开始行=38, 结束行=42
20:03:44.712 [main] WARN  com.parser.Main - 未找到匹配的方法、构造函数或静态初始化块: ID=1720, 文件=D:\HDU\project\tomcat\java\org\apache\catalina\storeconfig\StoreRegistry.java, 开始行=64, 结束行=72
20:03:44.875 [main] WARN  com.parser.Main - 未找到匹配的方法、构造函数或静态初始化块: ID=1756, 文件=D:\HDU\project\tomcat\java\org\apache\catalina\tribes\group\interceptors\EncryptInterceptor.java, 开始行=280, 结束行=285
20:03:45.131 [main] WARN  com.parser.Main - 未找到匹配的方法、构造函数或静态初始化块: ID=1809, 文件=D:\HDU\project\tomcat\java\org\apache\catalina\tribes\group\interceptors\TcpFailureDetector.java, 开始行=64, 结束行=68
20:03:45.164 [main] WARN  com.parser.Main - 未找到匹配的方法、构造函数或静态初始化块: ID=1817, 文件=D:\HDU\project\tomcat\java\org\apache\catalina\tribes\group\interceptors\TcpPingInterceptor.java, 开始行=45, 结束行=49
20:03:50.644 [main] WARN  com.parser.Main - 未找到匹配的方法、构造函数或静态初始化块: ID=2724, 文件=D:\HDU\project\tomcat\java\org\apache\el\parser\AstLiteralExpression.java, 开始行=44, 结束行=65
20:03:51.840 [main] WARN  com.parser.Main - 未找到匹配的方法、构造函数或静态初始化块: ID=2798, 文件=D:\HDU\project\tomcat\java\org\apache\el\parser\ELParserConstants.java, 开始行=136, 结束行=199
20:03:52.259 [main] WARN  com.parser.Main - 未找到匹配的方法、构造函数或静态初始化块: ID=2825, 文件=D:\HDU\project\tomcat\java\org\apache\el\parser\ELParserTokenManager.java, 开始行=1989, 结束行=1997
20:03:52.286 [main] WARN  com.parser.Main - 未找到匹配的方法、构造函数或静态初始化块: ID=2827, 文件=D:\HDU\project\tomcat\java\org\apache\el\parser\ELParserTokenManager.java, 开始行=2021, 结束行=2025
20:03:52.340 [main] WARN  com.parser.Main - 未找到匹配的方法、构造函数或静态初始化块: ID=2831, 文件=D:\HDU\project\tomcat\java\org\apache\el\parser\ELParserTokenManager.java, 开始行=2313, 结束行=2317
20:03:52.345 [main] WARN  com.parser.Main - 未找到匹配的方法、构造函数或静态初始化块: ID=2832, 文件=D:\HDU\project\tomcat\java\org\apache\el\parser\ELParserTreeConstants.java, 开始行=51, 结束行=95
20:03:52.536 [main] WARN  com.parser.Main - 未找到匹配的方法、构造函数或静态初始化块: ID=2877, 文件=D:\HDU\project\tomcat\java\org\apache\el\util\Validation.java, 开始行=22, 结束行=30
20:03:54.933 [main] WARN  com.parser.Main - 未找到匹配的方法、构造函数或静态初始化块: ID=3037, 文件=D:\HDU\project\tomcat\java\org\apache\jasper\compiler\JspUtil.java, 开始行=54, 结束行=62
20:03:55.774 [main] WARN  com.parser.Main - 未找到匹配的方法、构造函数或静态初始化块: ID=3151, 文件=D:\HDU\project\tomcat\java\org\apache\jasper\compiler\TagFileProcessor.java, 开始行=59, 结束行=73
20:03:55.778 [main] WARN  com.parser.Main - 未找到匹配的方法、构造函数或静态初始化块: ID=3152, 文件=D:\HDU\project\tomcat\java\org\apache\jasper\compiler\TagFileProcessor.java, 开始行=75, 结束行=85
20:03:55.782 [main] WARN  com.parser.Main - 未找到匹配的方法、构造函数或静态初始化块: ID=3153, 文件=D:\HDU\project\tomcat\java\org\apache\jasper\compiler\TagFileProcessor.java, 开始行=87, 结束行=94
20:03:55.952 [main] WARN  com.parser.Main - 未找到匹配的方法、构造函数或静态初始化块: ID=3180, 文件=D:\HDU\project\tomcat\java\org\apache\jasper\compiler\Validator.java, 开始行=71, 结束行=87
20:03:59.442 [main] WARN  com.parser.Main - 未找到匹配的方法、构造函数或静态初始化块: ID=3761, 文件=D:\HDU\project\tomcat\java\org\apache\tomcat\util\buf\CharsetCache.java, 开始行=34, 结束行=161
20:03:59.646 [main] WARN  com.parser.Main - 未找到匹配的方法、构造函数或静态初始化块: ID=3805, 文件=D:\HDU\project\tomcat\java\org\apache\tomcat\util\codec\binary\Base64.java, 开始行=68, 结束行=74
20:03:59.649 [main] WARN  com.parser.Main - 未找到匹配的方法、构造函数或静态初始化块: ID=3806, 文件=D:\HDU\project\tomcat\java\org\apache\tomcat\util\codec\binary\Base64.java, 开始行=81, 结束行=87
20:03:59.652 [main] WARN  com.parser.Main - 未找到匹配的方法、构造函数或静态初始化块: ID=3807, 文件=D:\HDU\project\tomcat\java\org\apache\tomcat\util\codec\binary\Base64.java, 开始行=100, 结束行=110
20:03:59.655 [main] WARN  com.parser.Main - 未找到匹配的方法、构造函数或静态初始化块: ID=3808, 文件=D:\HDU\project\tomcat\java\org\apache\tomcat\util\codec\binary\Base64.java, 开始行=112, 结束行=122
20:04:01.689 [main] WARN  com.parser.Main - 未找到匹配的方法、构造函数或静态初始化块: ID=4187, 文件=D:\HDU\project\tomcat\java\org\apache\tomcat\util\json\JSONParserConstants.java, 开始行=90, 结束行=120
20:04:01.939 [main] WARN  com.parser.Main - 未找到匹配的方法、构造函数或静态初始化块: ID=4233, 文件=D:\HDU\project\tomcat\java\org\apache\tomcat\util\modeler\modules\MbeansDescriptorsIntrospectionSource.java, 开始行=106, 结束行=130
20:04:06.775 [main] WARN  com.parser.Main - 未找到匹配的方法、构造函数或静态初始化块: ID=4855, 文件=D:\HDU\project\tomcat\modules\jdbc-pool\src\main\java\org\apache\tomcat\jdbc\pool\DataSourceFactory.java, 开始行=134, 结束行=186
20:04:07.223 [main] WARN  com.parser.Main - 未找到匹配的方法、构造函数或静态初始化块: ID=4954, 文件=D:\HDU\project\tomcat\modules\jdbc-pool\src\test\java\org\apache\tomcat\jdbc\pool\PoolPropertiesTest.java, 开始行=29, 结束行=54
20:04:07.364 [main] WARN  com.parser.Main - 未找到匹配的方法、构造函数或静态初始化块: ID=4993, 文件=D:\HDU\project\tomcat\modules\jdbc-pool\src\test\java\org\apache\tomcat\jdbc\test\DefaultTestCase.java, 开始行=229, 结束行=257
20:04:16.804 [main] WARN  com.parser.Main - 未找到匹配的方法、构造函数或静态初始化块: ID=6254, 文件=D:\HDU\project\tomcat\test\org\apache\catalina\loader\TestWebappClassLoaderWeaving.java, 开始行=337, 结束行=354
20:04:16.807 [main] WARN  com.parser.Main - 未找到匹配的方法、构造函数或静态初始化块: ID=6255, 文件=D:\HDU\project\tomcat\test\org\apache\catalina\loader\TestWebappClassLoaderWeaving.java, 开始行=360, 结束行=377
20:04:19.097 [main] WARN  com.parser.Main - 未找到匹配的方法、构造函数或静态初始化块: ID=6745, 文件=D:\HDU\project\tomcat\test\org\apache\catalina\valves\rewrite\TestResolverSSL.java, 开始行=88, 结束行=143
20:04:19.495 [main] WARN  com.parser.Main - 未找到匹配的方法、构造函数或静态初始化块: ID=6805, 文件=D:\HDU\project\tomcat\test\org\apache\catalina\valves\TestSSLValve.java, 开始行=62, 结束行=91
20:04:24.830 [main] INFO  com.parser.Main - 处理完成，结果已写入 data/output.csv
02:47:48.007 [main] WARN  com.parser.Main - 未找到匹配的方法、构造函数或静态初始化块: ID=1476, 文件=D:\HDU\project\tomcat\java\org\apache\catalina\ssi\SSIServletExternalResolver.java, 开始行=51, 结束行=56
02:47:50.028 [main] WARN  com.parser.Main - 未找到匹配的方法、构造函数或静态初始化块: ID=1688, 文件=D:\HDU\project\tomcat\java\org\apache\catalina\storeconfig\StoreAppender.java, 开始行=38, 结束行=42
02:47:50.188 [main] WARN  com.parser.Main - 未找到匹配的方法、构造函数或静态初始化块: ID=1720, 文件=D:\HDU\project\tomcat\java\org\apache\catalina\storeconfig\StoreRegistry.java, 开始行=64, 结束行=72
02:47:50.383 [main] WARN  com.parser.Main - 未找到匹配的方法、构造函数或静态初始化块: ID=1756, 文件=D:\HDU\project\tomcat\java\org\apache\catalina\tribes\group\interceptors\EncryptInterceptor.java, 开始行=280, 结束行=285
02:47:50.636 [main] WARN  com.parser.Main - 未找到匹配的方法、构造函数或静态初始化块: ID=1809, 文件=D:\HDU\project\tomcat\java\org\apache\catalina\tribes\group\interceptors\TcpFailureDetector.java, 开始行=64, 结束行=68
02:47:50.677 [main] WARN  com.parser.Main - 未找到匹配的方法、构造函数或静态初始化块: ID=1817, 文件=D:\HDU\project\tomcat\java\org\apache\catalina\tribes\group\interceptors\TcpPingInterceptor.java, 开始行=45, 结束行=49
02:47:55.950 [main] WARN  com.parser.Main - 未找到匹配的方法、构造函数或静态初始化块: ID=2724, 文件=D:\HDU\project\tomcat\java\org\apache\el\parser\AstLiteralExpression.java, 开始行=44, 结束行=65
02:47:57.071 [main] WARN  com.parser.Main - 未找到匹配的方法、构造函数或静态初始化块: ID=2798, 文件=D:\HDU\project\tomcat\java\org\apache\el\parser\ELParserConstants.java, 开始行=136, 结束行=199
02:47:57.447 [main] WARN  com.parser.Main - 未找到匹配的方法、构造函数或静态初始化块: ID=2825, 文件=D:\HDU\project\tomcat\java\org\apache\el\parser\ELParserTokenManager.java, 开始行=1989, 结束行=1997
02:47:57.473 [main] WARN  com.parser.Main - 未找到匹配的方法、构造函数或静态初始化块: ID=2827, 文件=D:\HDU\project\tomcat\java\org\apache\el\parser\ELParserTokenManager.java, 开始行=2021, 结束行=2025
02:47:57.523 [main] WARN  com.parser.Main - 未找到匹配的方法、构造函数或静态初始化块: ID=2831, 文件=D:\HDU\project\tomcat\java\org\apache\el\parser\ELParserTokenManager.java, 开始行=2313, 结束行=2317
02:47:57.532 [main] WARN  com.parser.Main - 未找到匹配的方法、构造函数或静态初始化块: ID=2832, 文件=D:\HDU\project\tomcat\java\org\apache\el\parser\ELParserTreeConstants.java, 开始行=51, 结束行=95
02:47:57.761 [main] WARN  com.parser.Main - 未找到匹配的方法、构造函数或静态初始化块: ID=2877, 文件=D:\HDU\project\tomcat\java\org\apache\el\util\Validation.java, 开始行=22, 结束行=30
02:47:59.966 [main] WARN  com.parser.Main - 未找到匹配的方法、构造函数或静态初始化块: ID=3037, 文件=D:\HDU\project\tomcat\java\org\apache\jasper\compiler\JspUtil.java, 开始行=54, 结束行=62
02:48:00.812 [main] WARN  com.parser.Main - 未找到匹配的方法、构造函数或静态初始化块: ID=3151, 文件=D:\HDU\project\tomcat\java\org\apache\jasper\compiler\TagFileProcessor.java, 开始行=59, 结束行=73
02:48:00.816 [main] WARN  com.parser.Main - 未找到匹配的方法、构造函数或静态初始化块: ID=3152, 文件=D:\HDU\project\tomcat\java\org\apache\jasper\compiler\TagFileProcessor.java, 开始行=75, 结束行=85
02:48:00.820 [main] WARN  com.parser.Main - 未找到匹配的方法、构造函数或静态初始化块: ID=3153, 文件=D:\HDU\project\tomcat\java\org\apache\jasper\compiler\TagFileProcessor.java, 开始行=87, 结束行=94
02:48:01.030 [main] WARN  com.parser.Main - 未找到匹配的方法、构造函数或静态初始化块: ID=3180, 文件=D:\HDU\project\tomcat\java\org\apache\jasper\compiler\Validator.java, 开始行=71, 结束行=87
02:48:04.657 [main] WARN  com.parser.Main - 未找到匹配的方法、构造函数或静态初始化块: ID=3761, 文件=D:\HDU\project\tomcat\java\org\apache\tomcat\util\buf\CharsetCache.java, 开始行=34, 结束行=161
02:48:04.828 [main] WARN  com.parser.Main - 未找到匹配的方法、构造函数或静态初始化块: ID=3805, 文件=D:\HDU\project\tomcat\java\org\apache\tomcat\util\codec\binary\Base64.java, 开始行=68, 结束行=74
02:48:04.831 [main] WARN  com.parser.Main - 未找到匹配的方法、构造函数或静态初始化块: ID=3806, 文件=D:\HDU\project\tomcat\java\org\apache\tomcat\util\codec\binary\Base64.java, 开始行=81, 结束行=87
02:48:04.834 [main] WARN  com.parser.Main - 未找到匹配的方法、构造函数或静态初始化块: ID=3807, 文件=D:\HDU\project\tomcat\java\org\apache\tomcat\util\codec\binary\Base64.java, 开始行=100, 结束行=110
02:48:04.837 [main] WARN  com.parser.Main - 未找到匹配的方法、构造函数或静态初始化块: ID=3808, 文件=D:\HDU\project\tomcat\java\org\apache\tomcat\util\codec\binary\Base64.java, 开始行=112, 结束行=122
02:48:07.084 [main] WARN  com.parser.Main - 未找到匹配的方法、构造函数或静态初始化块: ID=4187, 文件=D:\HDU\project\tomcat\java\org\apache\tomcat\util\json\JSONParserConstants.java, 开始行=90, 结束行=120
02:48:07.332 [main] WARN  com.parser.Main - 未找到匹配的方法、构造函数或静态初始化块: ID=4233, 文件=D:\HDU\project\tomcat\java\org\apache\tomcat\util\modeler\modules\MbeansDescriptorsIntrospectionSource.java, 开始行=106, 结束行=130
02:48:12.459 [main] WARN  com.parser.Main - 未找到匹配的方法、构造函数或静态初始化块: ID=4855, 文件=D:\HDU\project\tomcat\modules\jdbc-pool\src\main\java\org\apache\tomcat\jdbc\pool\DataSourceFactory.java, 开始行=134, 结束行=186
02:48:12.994 [main] WARN  com.parser.Main - 未找到匹配的方法、构造函数或静态初始化块: ID=4954, 文件=D:\HDU\project\tomcat\modules\jdbc-pool\src\test\java\org\apache\tomcat\jdbc\pool\PoolPropertiesTest.java, 开始行=29, 结束行=54
02:48:13.179 [main] WARN  com.parser.Main - 未找到匹配的方法、构造函数或静态初始化块: ID=4993, 文件=D:\HDU\project\tomcat\modules\jdbc-pool\src\test\java\org\apache\tomcat\jdbc\test\DefaultTestCase.java, 开始行=229, 结束行=257
02:48:22.931 [main] WARN  com.parser.Main - 未找到匹配的方法、构造函数或静态初始化块: ID=6254, 文件=D:\HDU\project\tomcat\test\org\apache\catalina\loader\TestWebappClassLoaderWeaving.java, 开始行=337, 结束行=354
02:48:22.934 [main] WARN  com.parser.Main - 未找到匹配的方法、构造函数或静态初始化块: ID=6255, 文件=D:\HDU\project\tomcat\test\org\apache\catalina\loader\TestWebappClassLoaderWeaving.java, 开始行=360, 结束行=377
02:48:25.340 [main] WARN  com.parser.Main - 未找到匹配的方法、构造函数或静态初始化块: ID=6745, 文件=D:\HDU\project\tomcat\test\org\apache\catalina\valves\rewrite\TestResolverSSL.java, 开始行=88, 结束行=143
02:48:25.735 [main] WARN  com.parser.Main - 未找到匹配的方法、构造函数或静态初始化块: ID=6805, 文件=D:\HDU\project\tomcat\test\org\apache\catalina\valves\TestSSLValve.java, 开始行=62, 结束行=91
02:48:31.588 [main] INFO  com.parser.Main - 处理完成，结果已写入 data/output.csv
03:25:21.114 [main] WARN  com.parser.Main - 未找到匹配的方法、构造函数或静态初始化块: ID=1476, 文件=D:\HDU\project\tomcat\java\org\apache\catalina\ssi\SSIServletExternalResolver.java, 开始行=51, 结束行=56
03:25:22.717 [main] WARN  com.parser.Main - 未找到匹配的方法、构造函数或静态初始化块: ID=1688, 文件=D:\HDU\project\tomcat\java\org\apache\catalina\storeconfig\StoreAppender.java, 开始行=38, 结束行=42
03:25:22.754 [main] WARN  com.parser.Main - 未找到匹配的方法、构造函数或静态初始化块: ID=1720, 文件=D:\HDU\project\tomcat\java\org\apache\catalina\storeconfig\StoreRegistry.java, 开始行=64, 结束行=72
03:25:22.829 [main] WARN  com.parser.Main - 未找到匹配的方法、构造函数或静态初始化块: ID=1756, 文件=D:\HDU\project\tomcat\java\org\apache\catalina\tribes\group\interceptors\EncryptInterceptor.java, 开始行=280, 结束行=285
03:25:23.027 [main] WARN  com.parser.Main - 未找到匹配的方法、构造函数或静态初始化块: ID=1809, 文件=D:\HDU\project\tomcat\java\org\apache\catalina\tribes\group\interceptors\TcpFailureDetector.java, 开始行=64, 结束行=68
03:25:23.049 [main] WARN  com.parser.Main - 未找到匹配的方法、构造函数或静态初始化块: ID=1817, 文件=D:\HDU\project\tomcat\java\org\apache\catalina\tribes\group\interceptors\TcpPingInterceptor.java, 开始行=45, 结束行=49
03:25:26.483 [main] WARN  com.parser.Main - 未找到匹配的方法、构造函数或静态初始化块: ID=2724, 文件=D:\HDU\project\tomcat\java\org\apache\el\parser\AstLiteralExpression.java, 开始行=44, 结束行=65
03:25:27.628 [main] WARN  com.parser.Main - 未找到匹配的方法、构造函数或静态初始化块: ID=2798, 文件=D:\HDU\project\tomcat\java\org\apache\el\parser\ELParserConstants.java, 开始行=136, 结束行=199
03:25:28.035 [main] WARN  com.parser.Main - 未找到匹配的方法、构造函数或静态初始化块: ID=2825, 文件=D:\HDU\project\tomcat\java\org\apache\el\parser\ELParserTokenManager.java, 开始行=1989, 结束行=1997
03:25:28.063 [main] WARN  com.parser.Main - 未找到匹配的方法、构造函数或静态初始化块: ID=2827, 文件=D:\HDU\project\tomcat\java\org\apache\el\parser\ELParserTokenManager.java, 开始行=2021, 结束行=2025
03:25:28.118 [main] WARN  com.parser.Main - 未找到匹配的方法、构造函数或静态初始化块: ID=2831, 文件=D:\HDU\project\tomcat\java\org\apache\el\parser\ELParserTokenManager.java, 开始行=2313, 结束行=2317
03:25:28.118 [main] WARN  com.parser.Main - 未找到匹配的方法、构造函数或静态初始化块: ID=2832, 文件=D:\HDU\project\tomcat\java\org\apache\el\parser\ELParserTreeConstants.java, 开始行=51, 结束行=95
03:25:28.218 [main] WARN  com.parser.Main - 未找到匹配的方法、构造函数或静态初始化块: ID=2877, 文件=D:\HDU\project\tomcat\java\org\apache\el\util\Validation.java, 开始行=22, 结束行=30
03:25:30.266 [main] WARN  com.parser.Main - 未找到匹配的方法、构造函数或静态初始化块: ID=3037, 文件=D:\HDU\project\tomcat\java\org\apache\jasper\compiler\JspUtil.java, 开始行=54, 结束行=62
03:25:30.969 [main] WARN  com.parser.Main - 未找到匹配的方法、构造函数或静态初始化块: ID=3151, 文件=D:\HDU\project\tomcat\java\org\apache\jasper\compiler\TagFileProcessor.java, 开始行=59, 结束行=73
03:25:30.973 [main] WARN  com.parser.Main - 未找到匹配的方法、构造函数或静态初始化块: ID=3152, 文件=D:\HDU\project\tomcat\java\org\apache\jasper\compiler\TagFileProcessor.java, 开始行=75, 结束行=85
03:25:30.977 [main] WARN  com.parser.Main - 未找到匹配的方法、构造函数或静态初始化块: ID=3153, 文件=D:\HDU\project\tomcat\java\org\apache\jasper\compiler\TagFileProcessor.java, 开始行=87, 结束行=94
03:25:31.055 [main] WARN  com.parser.Main - 未找到匹配的方法、构造函数或静态初始化块: ID=3180, 文件=D:\HDU\project\tomcat\java\org\apache\jasper\compiler\Validator.java, 开始行=71, 结束行=87
03:25:33.785 [main] WARN  com.parser.Main - 未找到匹配的方法、构造函数或静态初始化块: ID=3761, 文件=D:\HDU\project\tomcat\java\org\apache\tomcat\util\buf\CharsetCache.java, 开始行=34, 结束行=161
03:25:33.901 [main] WARN  com.parser.Main - 未找到匹配的方法、构造函数或静态初始化块: ID=3805, 文件=D:\HDU\project\tomcat\java\org\apache\tomcat\util\codec\binary\Base64.java, 开始行=68, 结束行=74
03:25:33.907 [main] WARN  com.parser.Main - 未找到匹配的方法、构造函数或静态初始化块: ID=3806, 文件=D:\HDU\project\tomcat\java\org\apache\tomcat\util\codec\binary\Base64.java, 开始行=81, 结束行=87
03:25:33.913 [main] WARN  com.parser.Main - 未找到匹配的方法、构造函数或静态初始化块: ID=3807, 文件=D:\HDU\project\tomcat\java\org\apache\tomcat\util\codec\binary\Base64.java, 开始行=100, 结束行=110
03:25:33.919 [main] WARN  com.parser.Main - 未找到匹配的方法、构造函数或静态初始化块: ID=3808, 文件=D:\HDU\project\tomcat\java\org\apache\tomcat\util\codec\binary\Base64.java, 开始行=112, 结束行=122
03:25:35.441 [main] WARN  com.parser.Main - 未找到匹配的方法、构造函数或静态初始化块: ID=4187, 文件=D:\HDU\project\tomcat\java\org\apache\tomcat\util\json\JSONParserConstants.java, 开始行=90, 结束行=120
03:25:35.578 [main] WARN  com.parser.Main - 未找到匹配的方法、构造函数或静态初始化块: ID=4233, 文件=D:\HDU\project\tomcat\java\org\apache\tomcat\util\modeler\modules\MbeansDescriptorsIntrospectionSource.java, 开始行=106, 结束行=130
03:25:40.573 [main] WARN  com.parser.Main - 未找到匹配的方法、构造函数或静态初始化块: ID=4855, 文件=D:\HDU\project\tomcat\modules\jdbc-pool\src\main\java\org\apache\tomcat\jdbc\pool\DataSourceFactory.java, 开始行=134, 结束行=186
03:25:40.916 [main] WARN  com.parser.Main - 未找到匹配的方法、构造函数或静态初始化块: ID=4954, 文件=D:\HDU\project\tomcat\modules\jdbc-pool\src\test\java\org\apache\tomcat\jdbc\pool\PoolPropertiesTest.java, 开始行=29, 结束行=54
03:25:41.011 [main] WARN  com.parser.Main - 未找到匹配的方法、构造函数或静态初始化块: ID=4993, 文件=D:\HDU\project\tomcat\modules\jdbc-pool\src\test\java\org\apache\tomcat\jdbc\test\DefaultTestCase.java, 开始行=229, 结束行=257
03:25:50.478 [main] WARN  com.parser.Main - 未找到匹配的方法、构造函数或静态初始化块: ID=6254, 文件=D:\HDU\project\tomcat\test\org\apache\catalina\loader\TestWebappClassLoaderWeaving.java, 开始行=337, 结束行=354
03:25:50.482 [main] WARN  com.parser.Main - 未找到匹配的方法、构造函数或静态初始化块: ID=6255, 文件=D:\HDU\project\tomcat\test\org\apache\catalina\loader\TestWebappClassLoaderWeaving.java, 开始行=360, 结束行=377
03:25:52.308 [main] WARN  com.parser.Main - 未找到匹配的方法、构造函数或静态初始化块: ID=6745, 文件=D:\HDU\project\tomcat\test\org\apache\catalina\valves\rewrite\TestResolverSSL.java, 开始行=88, 结束行=143
03:25:52.663 [main] WARN  com.parser.Main - 未找到匹配的方法、构造函数或静态初始化块: ID=6805, 文件=D:\HDU\project\tomcat\test\org\apache\catalina\valves\TestSSLValve.java, 开始行=62, 结束行=91
03:25:55.900 [main] INFO  com.parser.Main - 处理完成，结果已写入 data/result.csv
07:11:25.941 [main] WARN  com.parser.Main - 未找到匹配的方法、构造函数或静态初始化块: ID=1476, 文件=D:\HDU\project\tomcat\java\org\apache\catalina\ssi\SSIServletExternalResolver.java, 开始行=51, 结束行=56
07:11:27.970 [main] WARN  com.parser.Main - 未找到匹配的方法、构造函数或静态初始化块: ID=1688, 文件=D:\HDU\project\tomcat\java\org\apache\catalina\storeconfig\StoreAppender.java, 开始行=38, 结束行=42
07:11:28.032 [main] WARN  com.parser.Main - 未找到匹配的方法、构造函数或静态初始化块: ID=1720, 文件=D:\HDU\project\tomcat\java\org\apache\catalina\storeconfig\StoreRegistry.java, 开始行=64, 结束行=72
07:11:28.132 [main] WARN  com.parser.Main - 未找到匹配的方法、构造函数或静态初始化块: ID=1756, 文件=D:\HDU\project\tomcat\java\org\apache\catalina\tribes\group\interceptors\EncryptInterceptor.java, 开始行=280, 结束行=285
07:11:28.416 [main] WARN  com.parser.Main - 未找到匹配的方法、构造函数或静态初始化块: ID=1809, 文件=D:\HDU\project\tomcat\java\org\apache\catalina\tribes\group\interceptors\TcpFailureDetector.java, 开始行=64, 结束行=68
07:11:28.455 [main] WARN  com.parser.Main - 未找到匹配的方法、构造函数或静态初始化块: ID=1817, 文件=D:\HDU\project\tomcat\java\org\apache\catalina\tribes\group\interceptors\TcpPingInterceptor.java, 开始行=45, 结束行=49
07:11:33.151 [main] WARN  com.parser.Main - 未找到匹配的方法、构造函数或静态初始化块: ID=2724, 文件=D:\HDU\project\tomcat\java\org\apache\el\parser\AstLiteralExpression.java, 开始行=44, 结束行=65
07:11:34.574 [main] WARN  com.parser.Main - 未找到匹配的方法、构造函数或静态初始化块: ID=2798, 文件=D:\HDU\project\tomcat\java\org\apache\el\parser\ELParserConstants.java, 开始行=136, 结束行=199
07:11:35.058 [main] WARN  com.parser.Main - 未找到匹配的方法、构造函数或静态初始化块: ID=2825, 文件=D:\HDU\project\tomcat\java\org\apache\el\parser\ELParserTokenManager.java, 开始行=1989, 结束行=1997
07:11:35.089 [main] WARN  com.parser.Main - 未找到匹配的方法、构造函数或静态初始化块: ID=2827, 文件=D:\HDU\project\tomcat\java\org\apache\el\parser\ELParserTokenManager.java, 开始行=2021, 结束行=2025
07:11:35.150 [main] WARN  com.parser.Main - 未找到匹配的方法、构造函数或静态初始化块: ID=2831, 文件=D:\HDU\project\tomcat\java\org\apache\el\parser\ELParserTokenManager.java, 开始行=2313, 结束行=2317
07:11:35.151 [main] WARN  com.parser.Main - 未找到匹配的方法、构造函数或静态初始化块: ID=2832, 文件=D:\HDU\project\tomcat\java\org\apache\el\parser\ELParserTreeConstants.java, 开始行=51, 结束行=95
07:11:35.288 [main] WARN  com.parser.Main - 未找到匹配的方法、构造函数或静态初始化块: ID=2877, 文件=D:\HDU\project\tomcat\java\org\apache\el\util\Validation.java, 开始行=22, 结束行=30
07:11:38.036 [main] WARN  com.parser.Main - 未找到匹配的方法、构造函数或静态初始化块: ID=3037, 文件=D:\HDU\project\tomcat\java\org\apache\jasper\compiler\JspUtil.java, 开始行=54, 结束行=62
07:11:38.923 [main] WARN  com.parser.Main - 未找到匹配的方法、构造函数或静态初始化块: ID=3151, 文件=D:\HDU\project\tomcat\java\org\apache\jasper\compiler\TagFileProcessor.java, 开始行=59, 结束行=73
07:11:38.929 [main] WARN  com.parser.Main - 未找到匹配的方法、构造函数或静态初始化块: ID=3152, 文件=D:\HDU\project\tomcat\java\org\apache\jasper\compiler\TagFileProcessor.java, 开始行=75, 结束行=85
07:11:38.935 [main] WARN  com.parser.Main - 未找到匹配的方法、构造函数或静态初始化块: ID=3153, 文件=D:\HDU\project\tomcat\java\org\apache\jasper\compiler\TagFileProcessor.java, 开始行=87, 结束行=94
07:11:39.043 [main] WARN  com.parser.Main - 未找到匹配的方法、构造函数或静态初始化块: ID=3180, 文件=D:\HDU\project\tomcat\java\org\apache\jasper\compiler\Validator.java, 开始行=71, 结束行=87
07:11:41.510 [main] WARN  com.parser.Main - 未找到匹配的方法、构造函数或静态初始化块: ID=3761, 文件=D:\HDU\project\tomcat\java\org\apache\tomcat\util\buf\CharsetCache.java, 开始行=34, 结束行=161
07:11:41.617 [main] WARN  com.parser.Main - 未找到匹配的方法、构造函数或静态初始化块: ID=3805, 文件=D:\HDU\project\tomcat\java\org\apache\tomcat\util\codec\binary\Base64.java, 开始行=68, 结束行=74
07:11:41.622 [main] WARN  com.parser.Main - 未找到匹配的方法、构造函数或静态初始化块: ID=3806, 文件=D:\HDU\project\tomcat\java\org\apache\tomcat\util\codec\binary\Base64.java, 开始行=81, 结束行=87
07:11:41.629 [main] WARN  com.parser.Main - 未找到匹配的方法、构造函数或静态初始化块: ID=3807, 文件=D:\HDU\project\tomcat\java\org\apache\tomcat\util\codec\binary\Base64.java, 开始行=100, 结束行=110
07:11:41.633 [main] WARN  com.parser.Main - 未找到匹配的方法、构造函数或静态初始化块: ID=3808, 文件=D:\HDU\project\tomcat\java\org\apache\tomcat\util\codec\binary\Base64.java, 开始行=112, 结束行=122
07:11:43.134 [main] WARN  com.parser.Main - 未找到匹配的方法、构造函数或静态初始化块: ID=4187, 文件=D:\HDU\project\tomcat\java\org\apache\tomcat\util\json\JSONParserConstants.java, 开始行=90, 结束行=120
07:11:43.290 [main] WARN  com.parser.Main - 未找到匹配的方法、构造函数或静态初始化块: ID=4233, 文件=D:\HDU\project\tomcat\java\org\apache\tomcat\util\modeler\modules\MbeansDescriptorsIntrospectionSource.java, 开始行=106, 结束行=130
07:11:48.984 [main] WARN  com.parser.Main - 未找到匹配的方法、构造函数或静态初始化块: ID=4855, 文件=D:\HDU\project\tomcat\modules\jdbc-pool\src\main\java\org\apache\tomcat\jdbc\pool\DataSourceFactory.java, 开始行=134, 结束行=186
07:11:49.281 [main] WARN  com.parser.Main - 未找到匹配的方法、构造函数或静态初始化块: ID=4954, 文件=D:\HDU\project\tomcat\modules\jdbc-pool\src\test\java\org\apache\tomcat\jdbc\pool\PoolPropertiesTest.java, 开始行=29, 结束行=54
07:11:49.365 [main] WARN  com.parser.Main - 未找到匹配的方法、构造函数或静态初始化块: ID=4993, 文件=D:\HDU\project\tomcat\modules\jdbc-pool\src\test\java\org\apache\tomcat\jdbc\test\DefaultTestCase.java, 开始行=229, 结束行=257
07:11:57.458 [main] WARN  com.parser.Main - 未找到匹配的方法、构造函数或静态初始化块: ID=6254, 文件=D:\HDU\project\tomcat\test\org\apache\catalina\loader\TestWebappClassLoaderWeaving.java, 开始行=337, 结束行=354
07:11:57.461 [main] WARN  com.parser.Main - 未找到匹配的方法、构造函数或静态初始化块: ID=6255, 文件=D:\HDU\project\tomcat\test\org\apache\catalina\loader\TestWebappClassLoaderWeaving.java, 开始行=360, 结束行=377
07:11:58.839 [main] WARN  com.parser.Main - 未找到匹配的方法、构造函数或静态初始化块: ID=6745, 文件=D:\HDU\project\tomcat\test\org\apache\catalina\valves\rewrite\TestResolverSSL.java, 开始行=88, 结束行=143
07:11:59.107 [main] WARN  com.parser.Main - 未找到匹配的方法、构造函数或静态初始化块: ID=6805, 文件=D:\HDU\project\tomcat\test\org\apache\catalina\valves\TestSSLValve.java, 开始行=62, 结束行=91
07:12:01.913 [main] INFO  com.parser.Main - 处理完成，结果已写入 data/result.csv
12:26:07.429 [main] WARN  com.parser.Main - 未找到匹配的方法、构造函数或静态初始化块: ID=1476, 文件=D:\HDU\project\tomcat\java\org\apache\catalina\ssi\SSIServletExternalResolver.java, 开始行=51, 结束行=56
12:26:09.912 [main] WARN  com.parser.Main - 未找到匹配的方法、构造函数或静态初始化块: ID=1688, 文件=D:\HDU\project\tomcat\java\org\apache\catalina\storeconfig\StoreAppender.java, 开始行=38, 结束行=42
12:26:10.067 [main] WARN  com.parser.Main - 未找到匹配的方法、构造函数或静态初始化块: ID=1720, 文件=D:\HDU\project\tomcat\java\org\apache\catalina\storeconfig\StoreRegistry.java, 开始行=64, 结束行=72
12:26:10.273 [main] WARN  com.parser.Main - 未找到匹配的方法、构造函数或静态初始化块: ID=1756, 文件=D:\HDU\project\tomcat\java\org\apache\catalina\tribes\group\interceptors\EncryptInterceptor.java, 开始行=280, 结束行=285
12:26:10.578 [main] WARN  com.parser.Main - 未找到匹配的方法、构造函数或静态初始化块: ID=1809, 文件=D:\HDU\project\tomcat\java\org\apache\catalina\tribes\group\interceptors\TcpFailureDetector.java, 开始行=64, 结束行=68
12:26:10.610 [main] WARN  com.parser.Main - 未找到匹配的方法、构造函数或静态初始化块: ID=1817, 文件=D:\HDU\project\tomcat\java\org\apache\catalina\tribes\group\interceptors\TcpPingInterceptor.java, 开始行=45, 结束行=49
12:26:16.867 [main] WARN  com.parser.Main - 未找到匹配的方法、构造函数或静态初始化块: ID=2724, 文件=D:\HDU\project\tomcat\java\org\apache\el\parser\AstLiteralExpression.java, 开始行=44, 结束行=65
12:26:18.238 [main] WARN  com.parser.Main - 未找到匹配的方法、构造函数或静态初始化块: ID=2798, 文件=D:\HDU\project\tomcat\java\org\apache\el\parser\ELParserConstants.java, 开始行=136, 结束行=199
12:26:18.669 [main] WARN  com.parser.Main - 未找到匹配的方法、构造函数或静态初始化块: ID=2825, 文件=D:\HDU\project\tomcat\java\org\apache\el\parser\ELParserTokenManager.java, 开始行=1989, 结束行=1997
12:26:18.700 [main] WARN  com.parser.Main - 未找到匹配的方法、构造函数或静态初始化块: ID=2827, 文件=D:\HDU\project\tomcat\java\org\apache\el\parser\ELParserTokenManager.java, 开始行=2021, 结束行=2025
12:26:18.756 [main] WARN  com.parser.Main - 未找到匹配的方法、构造函数或静态初始化块: ID=2831, 文件=D:\HDU\project\tomcat\java\org\apache\el\parser\ELParserTokenManager.java, 开始行=2313, 结束行=2317
12:26:18.762 [main] WARN  com.parser.Main - 未找到匹配的方法、构造函数或静态初始化块: ID=2832, 文件=D:\HDU\project\tomcat\java\org\apache\el\parser\ELParserTreeConstants.java, 开始行=51, 结束行=95
12:26:18.994 [main] WARN  com.parser.Main - 未找到匹配的方法、构造函数或静态初始化块: ID=2877, 文件=D:\HDU\project\tomcat\java\org\apache\el\util\Validation.java, 开始行=22, 结束行=30
12:26:21.706 [main] WARN  com.parser.Main - 未找到匹配的方法、构造函数或静态初始化块: ID=3037, 文件=D:\HDU\project\tomcat\java\org\apache\jasper\compiler\JspUtil.java, 开始行=54, 结束行=62
12:26:22.635 [main] WARN  com.parser.Main - 未找到匹配的方法、构造函数或静态初始化块: ID=3151, 文件=D:\HDU\project\tomcat\java\org\apache\jasper\compiler\TagFileProcessor.java, 开始行=59, 结束行=73
12:26:22.639 [main] WARN  com.parser.Main - 未找到匹配的方法、构造函数或静态初始化块: ID=3152, 文件=D:\HDU\project\tomcat\java\org\apache\jasper\compiler\TagFileProcessor.java, 开始行=75, 结束行=85
12:26:22.648 [main] WARN  com.parser.Main - 未找到匹配的方法、构造函数或静态初始化块: ID=3153, 文件=D:\HDU\project\tomcat\java\org\apache\jasper\compiler\TagFileProcessor.java, 开始行=87, 结束行=94
12:26:22.830 [main] WARN  com.parser.Main - 未找到匹配的方法、构造函数或静态初始化块: ID=3180, 文件=D:\HDU\project\tomcat\java\org\apache\jasper\compiler\Validator.java, 开始行=71, 结束行=87
12:26:26.842 [main] WARN  com.parser.Main - 未找到匹配的方法、构造函数或静态初始化块: ID=3761, 文件=D:\HDU\project\tomcat\java\org\apache\tomcat\util\buf\CharsetCache.java, 开始行=34, 结束行=161
12:26:27.060 [main] WARN  com.parser.Main - 未找到匹配的方法、构造函数或静态初始化块: ID=3805, 文件=D:\HDU\project\tomcat\java\org\apache\tomcat\util\codec\binary\Base64.java, 开始行=68, 结束行=74
12:26:27.063 [main] WARN  com.parser.Main - 未找到匹配的方法、构造函数或静态初始化块: ID=3806, 文件=D:\HDU\project\tomcat\java\org\apache\tomcat\util\codec\binary\Base64.java, 开始行=81, 结束行=87
12:26:27.066 [main] WARN  com.parser.Main - 未找到匹配的方法、构造函数或静态初始化块: ID=3807, 文件=D:\HDU\project\tomcat\java\org\apache\tomcat\util\codec\binary\Base64.java, 开始行=100, 结束行=110
12:26:27.069 [main] WARN  com.parser.Main - 未找到匹配的方法、构造函数或静态初始化块: ID=3808, 文件=D:\HDU\project\tomcat\java\org\apache\tomcat\util\codec\binary\Base64.java, 开始行=112, 结束行=122
12:26:29.426 [main] WARN  com.parser.Main - 未找到匹配的方法、构造函数或静态初始化块: ID=4187, 文件=D:\HDU\project\tomcat\java\org\apache\tomcat\util\json\JSONParserConstants.java, 开始行=90, 结束行=120
12:26:29.716 [main] WARN  com.parser.Main - 未找到匹配的方法、构造函数或静态初始化块: ID=4233, 文件=D:\HDU\project\tomcat\java\org\apache\tomcat\util\modeler\modules\MbeansDescriptorsIntrospectionSource.java, 开始行=106, 结束行=130
12:26:35.401 [main] WARN  com.parser.Main - 未找到匹配的方法、构造函数或静态初始化块: ID=4855, 文件=D:\HDU\project\tomcat\modules\jdbc-pool\src\main\java\org\apache\tomcat\jdbc\pool\DataSourceFactory.java, 开始行=134, 结束行=186
12:26:35.939 [main] WARN  com.parser.Main - 未找到匹配的方法、构造函数或静态初始化块: ID=4954, 文件=D:\HDU\project\tomcat\modules\jdbc-pool\src\test\java\org\apache\tomcat\jdbc\pool\PoolPropertiesTest.java, 开始行=29, 结束行=54
12:26:36.124 [main] WARN  com.parser.Main - 未找到匹配的方法、构造函数或静态初始化块: ID=4993, 文件=D:\HDU\project\tomcat\modules\jdbc-pool\src\test\java\org\apache\tomcat\jdbc\test\DefaultTestCase.java, 开始行=229, 结束行=257
12:26:47.225 [main] WARN  com.parser.Main - 未找到匹配的方法、构造函数或静态初始化块: ID=6254, 文件=D:\HDU\project\tomcat\test\org\apache\catalina\loader\TestWebappClassLoaderWeaving.java, 开始行=337, 结束行=354
12:26:47.230 [main] WARN  com.parser.Main - 未找到匹配的方法、构造函数或静态初始化块: ID=6255, 文件=D:\HDU\project\tomcat\test\org\apache\catalina\loader\TestWebappClassLoaderWeaving.java, 开始行=360, 结束行=377
12:26:49.912 [main] WARN  com.parser.Main - 未找到匹配的方法、构造函数或静态初始化块: ID=6745, 文件=D:\HDU\project\tomcat\test\org\apache\catalina\valves\rewrite\TestResolverSSL.java, 开始行=88, 结束行=143
12:26:50.297 [main] WARN  com.parser.Main - 未找到匹配的方法、构造函数或静态初始化块: ID=6805, 文件=D:\HDU\project\tomcat\test\org\apache\catalina\valves\TestSSLValve.java, 开始行=62, 结束行=91
12:26:56.130 [main] INFO  com.parser.Main - 处理完成，结果已写入 data/result.csv
